#
# A fatal error has been detected by the Java Runtime Environment:
#
#  SIGSEGV (0xb) at pc=0x00007fea2782017a, pid=4539, tid=140642160830208
#
# JRE version: OpenJDK Runtime Environment (7.0_65-b32) (build 1.7.0_65-b32)
# Java VM: OpenJDK 64-Bit Server VM (24.65-b04 mixed mode linux-amd64 compressed oops)
# Derivative: IcedTea 2.5.3
# Distribution: Ubuntu 14.04 LTS, package 7u71-2.5.3-0ubuntu0.14.04.1
# Problematic frame:
# v  ~BufferBlob::jni_fast_GetLongField
#
# Failed to write core dump. Core dumps have been disabled. To enable core dumping, try "ulimit -c unlimited" before starting Java again
#
# If you would like to submit a bug report, please include
# instructions on how to reproduce the bug and visit:
#   http://icedtea.classpath.org/bugzilla
# The crash happened outside the Java Virtual Machine in native code.
# See problematic frame for where to report the bug.
#

---------------  T H R E A D  ---------------

Current thread (0x00007fe9c842e800):  JavaThread "AWT-XAWT" daemon [_thread_in_native, id=4596, stack(0x00007fe9cdf96000,0x00007fe9ce097000)]

siginfo:si_signo=SIGSEGV: si_errno=0, si_code=1 (SEGV_MAPERR), si_addr=0x0000000000000000

Registers:
RAX=0x00007fea35ef5060, RBX=0x00007fe9c842e9d8, RCX=0x00007fea3636c320, RDX=0x0000000000000042
RSP=0x00007fe9ce095818, RBP=0x00007fe9ce095840, RSI=0x0000000000000000, RDI=0x00007fe9c842e9d8
R8 =0x00000000c036db20, R9 =0x0000000000000000, R10=0x0000000000003498, R11=0x00007fea35996040
R12=0x00007fe9b401b790, R13=0x0000000000000000, R14=0x00007fea16557d80, R15=0x00007fe9c842e800
RIP=0x00007fea2782017a, EFLAGS=0x0000000000010246, CSGSFS=0x0000000000000033, ERR=0x0000000000000004
  TRAPNO=0x000000000000000e

Top of Stack: (sp=0x00007fe9ce095818)
0x00007fe9ce095818:   00007fea163296f4 00000000b4ed7710
0x00007fe9ce095828:   00007fe9b401b790 00000000b4ed7710
0x00007fe9ce095838:   00007fe9ce095930 0000000000000000
0x00007fe9ce095848:   00007fea15e27ae8 00000000b4ed7710
0x00007fe9ce095858:   00007fe9ce095880 0000000000000000
0x00007fe9ce095868:   00007fea15e1f9a3 00000000b4ed7710
0x00007fe9ce095878:   00007fea1631e20f 00007fe9ce0958f8
0x00007fe9ce095888:   00007fea277d77f8 0000000000000000
0x00007fe9ce095898:   0000000000000000 00007fe9ce095910
0x00007fe9ce0958a8:   00007fea277cb233 00007fe9ce095910
0x00007fe9ce0958b8:   00007fe9ce0958b8 0000000000000000
0x00007fe9ce0958c8:   00007fe9ce095930 00000000b4edd898
0x00007fe9ce0958d8:   0000000000000000 00000000b4ed7710
0x00007fe9ce0958e8:   0000000000000000 00007fe9ce095940
0x00007fe9ce0958f8:   00000000c0fc6960 00007fea2828c424
0x00007fe9ce095908:   00000000c03e5618 00007fea277d3cc0
0x00007fe9ce095918:   0000000000000000 0000000000000000
0x00007fe9ce095928:   00007fe9bc002dc0 00000000c033b3c0
0x00007fe9ce095938:   00007fea2828c424 00000000c1318100
0x00007fe9ce095948:   0000000500000000 0000000000000000
0x00007fe9ce095958:   c033b3c0c033b3c0 00000000c033b3c0
0x00007fe9ce095968:   00000000c051f598 0000000000000001
0x00007fe9ce095978:   0000000000000000 00007fe9ce0959e0
0x00007fe9ce095988:   00007fea277cb058 0000000000000000
0x00007fe9ce095998:   00000000ceb1e940 00007fe9ce0959a0
0x00007fe9ce0959a8:   00000000b4ebaee5 00007fe9ce0959f0
0x00007fe9ce0959b8:   00000000b4ec7f30 0000000000000000
0x00007fe9ce0959c8:   00000000b4ebaf00 00007fe9ce095990
0x00007fe9ce0959d8:   00007fe9ce0959f0 00007fe9ce095a38
0x00007fe9ce0959e8:   00007fea277cb706 00000000c1318100
0x00007fe9ce0959f8:   00007fe9ce0959f8 00000000affb97fb
0x00007fe9ce095a08:   00007fe9ce095a48 00000000b0044cd0 

Instructions: (pc=0x00007fea2782017a)
0x00007fea2782015a:   00 00 00 00 00 00 44 8b 15 7d f6 6f 0e 4c 8b ce
0x00007fea2782016a:   41 f6 c2 01 0f 85 2e 00 00 00 4d 33 ca 4d 33 ca
0x00007fea2782017a:   4d 8b 09 4c 8b da 49 c1 eb 02 4b 8b 04 19 49 bb
0x00007fea2782018a:   e4 f7 f1 35 ea 7f 00 00 4c 33 d8 4c 33 d8 45 3b 

Register to memory mapping:

RAX=0x00007fea35ef5060: <offset 0xdbb060> in /usr/lib/jvm/java-7-openjdk-amd64/jre/lib/amd64/server/libjvm.so at 0x00007fea3513a000
RBX=0x00007fe9c842e9d8 is an unknown value
RCX=0x00007fea3636c320: <offset 0x219320> in /lib/x86_64-linux-gnu/libpthread.so.0 at 0x00007fea36153000
RDX=0x0000000000000042 is an unknown value
RSP=0x00007fe9ce095818 is pointing into the stack for thread: 0x00007fe9c842e800
RBP=0x00007fe9ce095840 is pointing into the stack for thread: 0x00007fe9c842e800
RSI=0x0000000000000000 is an unknown value
RDI=0x00007fe9c842e9d8 is an unknown value
R8 =0x00000000c036db20 is an oop
[I 
 - klass: {type array int}
 - length: 9
R9 =0x0000000000000000 is an unknown value
R10=0x0000000000003498 is an unknown value
R11=0x00007fea35996040: <offset 0x85c040> in /usr/lib/jvm/java-7-openjdk-amd64/jre/lib/amd64/server/libjvm.so at 0x00007fea3513a000
R12=0x00007fe9b401b790 is an unknown value
R13=0x0000000000000000 is an unknown value
R14=0x00007fea16557d80: <offset 0x24ad80> in /usr/lib/jvm/java-7-openjdk-amd64/jre/lib/amd64/xawt/libmawt.so at 0x00007fea1630d000
R15=0x00007fe9c842e800 is a thread


Stack: [0x00007fe9cdf96000,0x00007fe9ce097000],  sp=0x00007fe9ce095818,  free space=1022k
Native frames: (J=compiled Java code, j=interpreted, Vv=VM code, C=native code)
v  ~BufferBlob::jni_fast_GetLongField

Java frames: (J=compiled Java code, j=interpreted, Vv=VM code)
j  sun.awt.X11.XlibWrapper.XFilterEvent(JJ)Z+0
J 7200% C2 sun.awt.X11.XToolkit.run(Z)V (410 bytes) @ 0x00007fea2828c424 [0x00007fea2828bc40+0x7e4]
j  sun.awt.X11.XToolkit.run()V+5
j  java.lang.Thread.run()V+11
v  ~StubRoutines::call_stub

---------------  P R O C E S S  ---------------

Java Threads: ( => current thread )
  0x00007fe9b4037800 JavaThread "TimerQueue" daemon [_thread_blocked, id=4599, stack(0x00007fea17d78000,0x00007fea17e79000)]
=>0x00007fe9c842e800 JavaThread "AWT-XAWT" daemon [_thread_in_native, id=4596, stack(0x00007fe9cdf96000,0x00007fe9ce097000)]
  0x00007fe9c8410800 JavaThread "Java2D Disposer" daemon [_thread_blocked, id=4595, stack(0x00007fe9ce4a7000,0x00007fe9ce5a8000)]
  0x00007fea30177800 JavaThread "Service Thread" daemon [_thread_blocked, id=4551, stack(0x00007fea1e409000,0x00007fea1e50a000)]
  0x00007fea30175000 JavaThread "C2 CompilerThread1" daemon [_thread_blocked, id=4550, stack(0x00007fea1e50a000,0x00007fea1e60b000)]
  0x00007fea30172000 JavaThread "C2 CompilerThread0" daemon [_thread_blocked, id=4549, stack(0x00007fea1e60b000,0x00007fea1e70c000)]
  0x00007fea30170000 JavaThread "Signal Dispatcher" daemon [_thread_blocked, id=4548, stack(0x00007fea1e70c000,0x00007fea1e80d000)]
  0x00007fea30142800 JavaThread "Finalizer" daemon [_thread_blocked, id=4547, stack(0x00007fea1eeef000,0x00007fea1eff0000)]
  0x00007fea30140800 JavaThread "Reference Handler" daemon [_thread_blocked, id=4546, stack(0x00007fea1eff0000,0x00007fea1f0f1000)]
  0x00007fea3000a000 JavaThread "main" [_thread_in_native, id=4540, stack(0x00007fea36c4e000,0x00007fea36d4f000)]

Other Threads:
  0x00007fea3013c800 VMThread [stack: 0x00007fea1f0f1000,0x00007fea1f1f2000] [id=4545]
  0x00007fea30182000 WatcherThread [stack: 0x00007fea1e308000,0x00007fea1e409000] [id=4552]

VM state:not at safepoint (normal execution)

VM Mutex/Monitor currently owned by a thread: None

Heap
 PSYoungGen      total 301056K, used 144106K [0x00000000eaa80000, 0x0000000100000000, 0x0000000100000000)
  eden space 279040K, 43% used [0x00000000eaa80000,0x00000000f21bf878,0x00000000fbb00000)
  from space 22016K, 99% used [0x00000000fea80000,0x00000000ffffb318,0x0000000100000000)
  to   space 35328K, 0% used [0x00000000fbb00000,0x00000000fbb00000,0x00000000fdd80000)
 ParOldGen       total 699392K, used 275947K [0x00000000bff80000, 0x00000000eaa80000, 0x00000000eaa80000)
  object space 699392K, 39% used [0x00000000bff80000,0x00000000d0cfae50,0x00000000eaa80000)
 PSPermGen       total 262144K, used 225582K [0x00000000aff80000, 0x00000000bff80000, 0x00000000bff80000)
  object space 262144K, 86% used [0x00000000aff80000,0x00000000bdbcb920,0x00000000bff80000)

Card table byte_map: [0x00007fea27344000,0x00007fea275c5000] byte_map_base: 0x00007fea26dc4400

Polling page: 0x00007fea36d68000

Code Cache  [0x00007fea277c5000, 0x00007fea28bc5000, 0x00007fea2f7c5000)
 total_blobs=8009 nmethods=7329 adapters=629 free_code_cache=112123Kb largest_free_block=113249408

Compilation events (10 events):
Event: 101192.999 Thread 0x00007fea30175000 nmethod 9737 0x00007fea28bc3d10 code [0x00007fea28bc3e80, 0x00007fea28bc4078]
Event: 101192.999 Thread 0x00007fea30175000 9738             org.jfree.chart.plot.XYPlot::getDomainAxisLocation (12 bytes)
Event: 101193.000 Thread 0x00007fea30175000 nmethod 9738 0x00007fea28bc3990 code [0x00007fea28bc3ae0, 0x00007fea28bc3bb8]
Event: 101193.020 Thread 0x00007fea30172000 nmethod 9732 0x00007fea28bb9050 code [0x00007fea28bb9400, 0x00007fea28bbb240]
Event: 101193.030 Thread 0x00007fea30175000 9739             org.jfree.util.AbstractObjectList::indexOf (30 bytes)
Event: 101193.030 Thread 0x00007fea30172000 9740             org.jfree.util.ObjectList::indexOf (6 bytes)
Event: 101193.031 Thread 0x00007fea30172000 nmethod 9740 0x00007fea28639890 code [0x00007fea286399c0, 0x00007fea28639a78]
Event: 101193.031 Thread 0x00007fea30175000 nmethod 9739 0x00007fea28632e10 code [0x00007fea28632f40, 0x00007fea28632ff8]
Event: 101193.036 Thread 0x00007fea30172000 9741 %           org.jfree.chart.plot.XYPlot::render @ 241 (505 bytes)
Event: 101193.044 Thread 0x00007fea30172000 nmethod 9741% 0x00007fea28bbf1d0 code [0x00007fea28bbf3c0, 0x00007fea28bbfd20]

GC Heap History (10 events):
Event: 100700.331 GC heap before
{Heap before GC invocations=2728 (full 1):
 PSYoungGen      total 332800K, used 316480K [0x00000000eaa80000, 0x0000000100000000, 0x0000000100000000)
  eden space 316416K, 100% used [0x00000000eaa80000,0x00000000fdf80000,0x00000000fdf80000)
  from space 16384K, 0% used [0x00000000fdf80000,0x00000000fdf90000,0x00000000fef80000)
  to   space 15360K, 0% used [0x00000000ff100000,0x00000000ff100000,0x0000000100000000)
 ParOldGen       total 699392K, used 240705K [0x00000000bff80000, 0x00000000eaa80000, 0x00000000eaa80000)
  object space 699392K, 34% used [0x00000000bff80000,0x00000000cea90788,0x00000000eaa80000)
 PSPermGen       total 262144K, used 198462K [0x00000000aff80000, 0x00000000bff80000, 0x00000000bff80000)
  object space 262144K, 75% used [0x00000000aff80000,0x00000000bc14f848,0x00000000bff80000)
Event: 100700.336 GC heap after
Heap after GC invocations=2728 (full 1):
 PSYoungGen      total 334848K, used 64K [0x00000000eaa80000, 0x0000000100000000, 0x0000000100000000)
  eden space 319488K, 0% used [0x00000000eaa80000,0x00000000eaa80000,0x00000000fe280000)
  from space 15360K, 0% used [0x00000000ff100000,0x00000000ff110000,0x0000000100000000)
  to   space 14848K, 0% used [0x00000000fe280000,0x00000000fe280000,0x00000000ff100000)
 ParOldGen       total 699392K, used 240705K [0x00000000bff80000, 0x00000000eaa80000, 0x00000000eaa80000)
  object space 699392K, 34% used [0x00000000bff80000,0x00000000cea90788,0x00000000eaa80000)
 PSPermGen       total 262144K, used 198462K [0x00000000aff80000, 0x00000000bff80000, 0x00000000bff80000)
  object space 262144K, 75% used [0x00000000aff80000,0x00000000bc14f848,0x00000000bff80000)
}
Event: 100714.945 GC heap before
{Heap before GC invocations=2729 (full 1):
 PSYoungGen      total 334848K, used 319552K [0x00000000eaa80000, 0x0000000100000000, 0x0000000100000000)
  eden space 319488K, 100% used [0x00000000eaa80000,0x00000000fe280000,0x00000000fe280000)
  from space 15360K, 0% used [0x00000000ff100000,0x00000000ff110000,0x0000000100000000)
  to   space 14848K, 0% used [0x00000000fe280000,0x00000000fe280000,0x00000000ff100000)
 ParOldGen       total 699392K, used 240705K [0x00000000bff80000, 0x00000000eaa80000, 0x00000000eaa80000)
  object space 699392K, 34% used [0x00000000bff80000,0x00000000cea90788,0x00000000eaa80000)
 PSPermGen       total 262144K, used 199988K [0x00000000aff80000, 0x00000000bff80000, 0x00000000bff80000)
  object space 262144K, 76% used [0x00000000aff80000,0x00000000bc2cd398,0x00000000bff80000)
Event: 100714.961 GC heap after
Heap after GC invocations=2729 (full 1):
 PSYoungGen      total 334336K, used 14834K [0x00000000eaa80000, 0x0000000100000000, 0x0000000100000000)
  eden space 319488K, 0% used [0x00000000eaa80000,0x00000000eaa80000,0x00000000fe280000)
  from space 14848K, 99% used [0x00000000fe280000,0x00000000ff0fcb48,0x00000000ff100000)
  to   space 15360K, 0% used [0x00000000ff100000,0x00000000ff100000,0x0000000100000000)
 ParOldGen       total 699392K, used 244701K [0x00000000bff80000, 0x00000000eaa80000, 0x00000000eaa80000)
  object space 699392K, 34% used [0x00000000bff80000,0x00000000cee77558,0x00000000eaa80000)
 PSPermGen       total 262144K, used 199988K [0x00000000aff80000, 0x00000000bff80000, 0x00000000bff80000)
  object space 262144K, 76% used [0x00000000aff80000,0x00000000bc2cd398,0x00000000bff80000)
}
Event: 100750.393 GC heap before
{Heap before GC invocations=2730 (full 1):
 PSYoungGen      total 334336K, used 334322K [0x00000000eaa80000, 0x0000000100000000, 0x0000000100000000)
  eden space 319488K, 100% used [0x00000000eaa80000,0x00000000fe280000,0x00000000fe280000)
  from space 14848K, 99% used [0x00000000fe280000,0x00000000ff0fcb48,0x00000000ff100000)
  to   space 15360K, 0% used [0x00000000ff100000,0x00000000ff100000,0x0000000100000000)
 ParOldGen       total 699392K, used 244701K [0x00000000bff80000, 0x00000000eaa80000, 0x00000000eaa80000)
  object space 699392K, 34% used [0x00000000bff80000,0x00000000cee77558,0x00000000eaa80000)
 PSPermGen       total 262144K, used 205445K [0x00000000aff80000, 0x00000000bff80000, 0x00000000bff80000)
  object space 262144K, 78% used [0x00000000aff80000,0x00000000bc821568,0x00000000bff80000)
Event: 100750.409 GC heap after
Heap after GC invocations=2730 (full 1):
 PSYoungGen      total 325120K, used 9831K [0x00000000eaa80000, 0x0000000100000000, 0x0000000100000000)
  eden space 309760K, 0% used [0x00000000eaa80000,0x00000000eaa80000,0x00000000fd900000)
  from space 15360K, 64% used [0x00000000ff100000,0x00000000ffa99e08,0x0000000100000000)
  to   space 19968K, 0% used [0x00000000fd900000,0x00000000fd900000,0x00000000fec80000)
 ParOldGen       total 699392K, used 249220K [0x00000000bff80000, 0x00000000eaa80000, 0x00000000eaa80000)
  object space 699392K, 35% used [0x00000000bff80000,0x00000000cf2e1020,0x00000000eaa80000)
 PSPermGen       total 262144K, used 205445K [0x00000000aff80000, 0x00000000bff80000, 0x00000000bff80000)
  object space 262144K, 78% used [0x00000000aff80000,0x00000000bc821568,0x00000000bff80000)
}
Event: 100822.475 GC heap before
{Heap before GC invocations=2731 (full 1):
 PSYoungGen      total 325120K, used 319591K [0x00000000eaa80000, 0x0000000100000000, 0x0000000100000000)
  eden space 309760K, 100% used [0x00000000eaa80000,0x00000000fd900000,0x00000000fd900000)
  from space 15360K, 64% used [0x00000000ff100000,0x00000000ffa99e08,0x0000000100000000)
  to   space 19968K, 0% used [0x00000000fd900000,0x00000000fd900000,0x00000000fec80000)
 ParOldGen       total 699392K, used 249220K [0x00000000bff80000, 0x00000000eaa80000, 0x00000000eaa80000)
  object space 699392K, 35% used [0x00000000bff80000,0x00000000cf2e1020,0x00000000eaa80000)
 PSPermGen       total 262144K, used 212220K [0x00000000aff80000, 0x00000000bff80000, 0x00000000bff80000)
  object space 262144K, 80% used [0x00000000aff80000,0x00000000bcebf0a8,0x00000000bff80000)
Event: 100822.488 GC heap after
Heap after GC invocations=2731 (full 1):
 PSYoungGen      total 323072K, used 13164K [0x00000000eaa80000, 0x0000000100000000, 0x0000000100000000)
  eden space 309760K, 0% used [0x00000000eaa80000,0x00000000eaa80000,0x00000000fd900000)
  from space 13312K, 98% used [0x00000000fd900000,0x00000000fe5db1a0,0x00000000fe600000)
  to   space 22016K, 0% used [0x00000000fea80000,0x00000000fea80000,0x0000000100000000)
 ParOldGen       total 699392K, used 251283K [0x00000000bff80000, 0x00000000eaa80000, 0x00000000eaa80000)
  object space 699392K, 35% used [0x00000000bff80000,0x00000000cf4e4c08,0x00000000eaa80000)
 PSPermGen       total 262144K, used 212220K [0x00000000aff80000, 0x00000000bff80000, 0x00000000bff80000)
  object space 262144K, 80% used [0x00000000aff80000,0x00000000bcebf0a8,0x00000000bff80000)
}
Event: 101191.874 GC heap before
{Heap before GC invocations=2732 (full 1):
 PSYoungGen      total 323072K, used 322924K [0x00000000eaa80000, 0x0000000100000000, 0x0000000100000000)
  eden space 309760K, 100% used [0x00000000eaa80000,0x00000000fd900000,0x00000000fd900000)
  from space 13312K, 98% used [0x00000000fd900000,0x00000000fe5db1a0,0x00000000fe600000)
  to   space 22016K, 0% used [0x00000000fea80000,0x00000000fea80000,0x0000000100000000)
 ParOldGen       total 699392K, used 251283K [0x00000000bff80000, 0x00000000eaa80000, 0x00000000eaa80000)
  object space 699392K, 35% used [0x00000000bff80000,0x00000000cf4e4c08,0x00000000eaa80000)
 PSPermGen       total 262144K, used 220540K [0x00000000aff80000, 0x00000000bff80000, 0x00000000bff80000)
  object space 262144K, 84% used [0x00000000aff80000,0x00000000bd6df308,0x00000000bff80000)
Event: 101191.907 GC heap after
Heap after GC invocations=2732 (full 1):
 PSYoungGen      total 301056K, used 21996K [0x00000000eaa80000, 0x0000000100000000, 0x0000000100000000)
  eden space 279040K, 0% used [0x00000000eaa80000,0x00000000eaa80000,0x00000000fbb00000)
  from space 22016K, 99% used [0x00000000fea80000,0x00000000ffffb318,0x0000000100000000)
  to   space 35328K, 0% used [0x00000000fbb00000,0x00000000fbb00000,0x00000000fdd80000)
 ParOldGen       total 699392K, used 275947K [0x00000000bff80000, 0x00000000eaa80000, 0x00000000eaa80000)
  object space 699392K, 39% used [0x00000000bff80000,0x00000000d0cfae50,0x00000000eaa80000)
 PSPermGen       total 262144K, used 220540K [0x00000000aff80000, 0x00000000bff80000, 0x00000000bff80000)
  object space 262144K, 84% used [0x00000000aff80000,0x00000000bd6df308,0x00000000bff80000)
}

Deoptimization events (10 events):
Event: 100750.959 Thread 0x00007fe9e0e6c000 Uncommon trap: reason=class_check action=maybe_recompile pc=0x00007fea27fdf03c method=scala.tools.nsc.backend.icode.TypeKinds$class.scala$tools$nsc$backend$icode$TypeKinds$$arrayOrClassType(Lscala/tools/nsc/backend/icode/ICodes;Lscala/reflect/internal/Sym
Event: 100750.959 Thread 0x00007fe9e0e6c000 Uncommon trap: reason=class_check action=maybe_recompile pc=0x00007fea27fdf03c method=scala.tools.nsc.backend.icode.TypeKinds$class.scala$tools$nsc$backend$icode$TypeKinds$$arrayOrClassType(Lscala/tools/nsc/backend/icode/ICodes;Lscala/reflect/internal/Sym
Event: 100822.096 Thread 0x00007fe9ac03e000 Uncommon trap: reason=class_check action=maybe_recompile pc=0x00007fea28030040 method=scala.reflect.internal.Symbols$Symbol.hasCompleteInfo()Z @ 11
Event: 100822.245 Thread 0x00007fe9ac03e000 Uncommon trap: reason=class_check action=maybe_recompile pc=0x00007fea28030040 method=scala.reflect.internal.Symbols$Symbol.hasCompleteInfo()Z @ 11
Event: 100822.246 Thread 0x00007fe9ac03e000 Uncommon trap: reason=bimorphic action=maybe_recompile pc=0x00007fea27aa4c20 method=scala.reflect.internal.Symbols$TermSymbol.isClassConstructor()Z @ 1
Event: 100822.249 Thread 0x00007fe9ac03e000 Uncommon trap: reason=bimorphic action=maybe_recompile pc=0x00007fea27f40374 method=scala.reflect.internal.Names$class.enterChars(Lscala/reflect/internal/Names;[CII)V @ 45
Event: 100822.266 Thread 0x00007fe9ac03e000 Uncommon trap: reason=unreached action=reinterpret pc=0x00007fea28babfa4 method=scala.tools.nsc.backend.icode.GenICode$ICodePhase.scala$tools$nsc$backend$icode$GenICode$ICodePhase$$genLoad(Lscala/reflect/internal/Trees$Tree;Lscala/tools/nsc/backend/icode/
Event: 100822.280 Thread 0x00007fe9ac03e000 Uncommon trap: reason=unreached action=reinterpret pc=0x00007fea28971dcc method=scala.tools.asm.ClassWriter.toByteArray()[B @ 295
Event: 101192.020 Thread 0x00007fea301d0800 Uncommon trap: reason=class_check action=maybe_recompile pc=0x00007fea27fe226c method=scala.tools.nsc.backend.icode.TypeKinds$class.scala$tools$nsc$backend$icode$TypeKinds$$arrayOrClassType(Lscala/tools/nsc/backend/icode/ICodes;Lscala/reflect/internal/Sym
Event: 101192.399 Thread 0x00007fe9b4072000 Uncommon trap: reason=unloaded action=reinterpret pc=0x00007fea27c8b950 method=java.math.BigDecimal.divideAndRound(JLjava/math/BigInteger;JLjava/math/BigInteger;III)Ljava/math/BigDecimal; @ 138

Internal exceptions (10 events):
Event: 101192.962 Thread 0x00007fe9b4072000 Threw 0x00000000f0655b30 at /build/buildd/openjdk-7-7u71-2.5.3/build/openjdk/hotspot/src/share/vm/prims/jvm.cpp:1284
Event: 101192.963 Thread 0x00007fe9b4072000 Threw 0x00000000f0662888 at /build/buildd/openjdk-7-7u71-2.5.3/build/openjdk/hotspot/src/share/vm/prims/jvm.cpp:1284
Event: 101192.963 Thread 0x00007fe9b4072000 Threw 0x00000000f0662ef8 at /build/buildd/openjdk-7-7u71-2.5.3/build/openjdk/hotspot/src/share/vm/prims/jvm.cpp:1284
Event: 101192.963 Thread 0x00007fe9b4072000 Threw 0x00000000f0663d30 at /build/buildd/openjdk-7-7u71-2.5.3/build/openjdk/hotspot/src/share/vm/prims/jvm.cpp:1284
Event: 101192.963 Thread 0x00007fe9b4072000 Threw 0x00000000f0669c40 at /build/buildd/openjdk-7-7u71-2.5.3/build/openjdk/hotspot/src/share/vm/prims/jvm.cpp:1284
Event: 101192.963 Thread 0x00007fe9b4072000 Threw 0x00000000f066a2f0 at /build/buildd/openjdk-7-7u71-2.5.3/build/openjdk/hotspot/src/share/vm/prims/jvm.cpp:1284
Event: 101192.963 Thread 0x00007fe9b4072000 Threw 0x00000000f066b230 at /build/buildd/openjdk-7-7u71-2.5.3/build/openjdk/hotspot/src/share/vm/prims/jvm.cpp:1284
Event: 101193.101 Thread 0x00007fe9b4072000 Threw 0x00000000f1c88c00 at /build/buildd/openjdk-7-7u71-2.5.3/build/openjdk/hotspot/src/share/vm/prims/jvm.cpp:1284
Event: 101193.101 Thread 0x00007fe9b4072000 Threw 0x00000000f1c89028 at /build/buildd/openjdk-7-7u71-2.5.3/build/openjdk/hotspot/src/share/vm/prims/jvm.cpp:1284
Event: 101193.101 Thread 0x00007fe9b4072000 Threw 0x00000000f1c89bb8 at /build/buildd/openjdk-7-7u71-2.5.3/build/openjdk/hotspot/src/share/vm/prims/jvm.cpp:1284

Events (10 events):
Event: 101227.897 Executing VM operation: RevokeBias
Event: 101227.897 Executing VM operation: RevokeBias done
Event: 101228.903 Thread 0x00007fe9b4072000 Thread exited: 0x00007fe9b4072000
Event: 101228.904 Thread 0x00007fe9b4072800 Thread exited: 0x00007fe9b4072800
Event: 101229.900 Thread 0x00007fea301d0000 Thread exited: 0x00007fea301d0000
Event: 101229.900 Thread 0x00007fe9b4128800 Thread exited: 0x00007fe9b4128800
Event: 101229.901 Thread 0x00007fea3006e000 Thread exited: 0x00007fea3006e000
Event: 101229.901 Thread 0x00007fea3006b000 Thread exited: 0x00007fea3006b000
Event: 101229.902 Thread 0x00007fea301d0800 Thread exited: 0x00007fea301d0800
Event: 101289.931 Thread 0x00007fea30799800 Thread exited: 0x00007fea30799800


Dynamic libraries:
00400000-00401000 r-xp 00000000 08:01 658589                             /usr/lib/jvm/java-7-openjdk-amd64/jre/bin/java
00600000-00601000 r--p 00000000 08:01 658589                             /usr/lib/jvm/java-7-openjdk-amd64/jre/bin/java
00601000-00602000 rw-p 00001000 08:01 658589                             /usr/lib/jvm/java-7-openjdk-amd64/jre/bin/java
01a1a000-01a3b000 rw-p 00000000 00:00 0                                  [heap]
aff80000-bff80000 rw-p 00000000 00:00 0 
bff80000-100000000 rw-p 00000000 00:00 0 
7fe9ac000000-7fe9ac338000 rw-p 00000000 00:00 0 
7fe9ac338000-7fe9b0000000 ---p 00000000 00:00 0 
7fe9b4000000-7fe9b4386000 rw-p 00000000 00:00 0 
7fe9b4386000-7fe9b8000000 ---p 00000000 00:00 0 
7fe9b8000000-7fe9b860a000 rw-p 00000000 00:00 0 
7fe9b860a000-7fe9bc000000 ---p 00000000 00:00 0 
7fe9bc000000-7fe9bc021000 rw-p 00000000 00:00 0 
7fe9bc021000-7fe9c0000000 ---p 00000000 00:00 0 
7fe9c0000000-7fe9c077e000 rw-p 00000000 00:00 0 
7fe9c077e000-7fe9c4000000 ---p 00000000 00:00 0 
7fe9c4000000-7fe9c4021000 rw-p 00000000 00:00 0 
7fe9c4021000-7fe9c8000000 ---p 00000000 00:00 0 
7fe9c8000000-7fe9c85ae000 rw-p 00000000 00:00 0 
7fe9c85ae000-7fe9cc000000 ---p 00000000 00:00 0 
7fe9cd7b4000-7fe9cd88d000 rw-s 00000000 00:04 6258709                    /SYSV00000000 (deleted)
7fe9cd88d000-7fe9cd966000 rw-s 00000000 00:04 4292625                    /SYSV00000000 (deleted)
7fe9cd966000-7fe9cd969000 ---p 00000000 00:00 0 
7fe9cd969000-7fe9cda67000 rw-p 00000000 00:00 0 
7fe9cdb40000-7fe9cdb91000 r-xp 00000000 08:01 402101                     /usr/lib/jvm/java-7-openjdk-amd64/jre/lib/amd64/libfontmanager.so
7fe9cdb91000-7fe9cdd90000 ---p 00051000 08:01 402101                     /usr/lib/jvm/java-7-openjdk-amd64/jre/lib/amd64/libfontmanager.so
7fe9cdd90000-7fe9cdd93000 r--p 00050000 08:01 402101                     /usr/lib/jvm/java-7-openjdk-amd64/jre/lib/amd64/libfontmanager.so
7fe9cdd93000-7fe9cdd94000 rw-p 00053000 08:01 402101                     /usr/lib/jvm/java-7-openjdk-amd64/jre/lib/amd64/libfontmanager.so
7fe9cdd94000-7fe9cdd97000 ---p 00000000 00:00 0 
7fe9cdd97000-7fe9cde95000 rw-p 00000000 00:00 0 
7fe9cde95000-7fe9cde98000 ---p 00000000 00:00 0 
7fe9cde98000-7fe9cdf96000 rw-p 00000000 00:00 0 
7fe9cdf96000-7fe9cdf99000 ---p 00000000 00:00 0 
7fe9cdf99000-7fe9ce097000 rw-p 00000000 00:00 0                          [stack:4596]
7fe9ce097000-7fe9ce09c000 r-xp 00000000 08:01 4726788                    /usr/lib/x86_64-linux-gnu/libXfixes.so.3.1.0
7fe9ce09c000-7fe9ce29b000 ---p 00005000 08:01 4726788                    /usr/lib/x86_64-linux-gnu/libXfixes.so.3.1.0
7fe9ce29b000-7fe9ce29c000 r--p 00004000 08:01 4726788                    /usr/lib/x86_64-linux-gnu/libXfixes.so.3.1.0
7fe9ce29c000-7fe9ce29d000 rw-p 00005000 08:01 4726788                    /usr/lib/x86_64-linux-gnu/libXfixes.so.3.1.0
7fe9ce29d000-7fe9ce2a6000 r-xp 00000000 08:01 4726780                    /usr/lib/x86_64-linux-gnu/libXcursor.so.1.0.2
7fe9ce2a6000-7fe9ce4a5000 ---p 00009000 08:01 4726780                    /usr/lib/x86_64-linux-gnu/libXcursor.so.1.0.2
7fe9ce4a5000-7fe9ce4a6000 r--p 00008000 08:01 4726780                    /usr/lib/x86_64-linux-gnu/libXcursor.so.1.0.2
7fe9ce4a6000-7fe9ce4a7000 rw-p 00009000 08:01 4726780                    /usr/lib/x86_64-linux-gnu/libXcursor.so.1.0.2
7fe9ce4a7000-7fe9ce4aa000 ---p 00000000 00:00 0 
7fe9ce4aa000-7fe9ce5a8000 rw-p 00000000 00:00 0                          [stack:4595]
7fe9ce5a8000-7fe9ce5ac000 r-xp 00000000 08:01 5640143                    /lib/x86_64-linux-gnu/libgpg-error.so.0.10.0
7fe9ce5ac000-7fe9ce7ab000 ---p 00004000 08:01 5640143                    /lib/x86_64-linux-gnu/libgpg-error.so.0.10.0
7fe9ce7ab000-7fe9ce7ac000 r--p 00003000 08:01 5640143                    /lib/x86_64-linux-gnu/libgpg-error.so.0.10.0
7fe9ce7ac000-7fe9ce7ad000 rw-p 00004000 08:01 5640143                    /lib/x86_64-linux-gnu/libgpg-error.so.0.10.0
7fe9ce7ad000-7fe9ce7af000 r-xp 00000000 08:01 5640153                    /lib/x86_64-linux-gnu/libkeyutils.so.1.4
7fe9ce7af000-7fe9ce9af000 ---p 00002000 08:01 5640153                    /lib/x86_64-linux-gnu/libkeyutils.so.1.4
7fe9ce9af000-7fe9ce9b0000 r--p 00002000 08:01 5640153                    /lib/x86_64-linux-gnu/libkeyutils.so.1.4
7fe9ce9b0000-7fe9ce9b1000 rw-p 00003000 08:01 5640153                    /lib/x86_64-linux-gnu/libkeyutils.so.1.4
7fe9ce9b1000-7fe9ce9d6000 r-xp 00000000 08:01 5640225                    /lib/x86_64-linux-gnu/libpng12.so.0.50.0
7fe9ce9d6000-7fe9cebd5000 ---p 00025000 08:01 5640225                    /lib/x86_64-linux-gnu/libpng12.so.0.50.0
7fe9cebd5000-7fe9cebd6000 r--p 00024000 08:01 5640225                    /lib/x86_64-linux-gnu/libpng12.so.0.50.0
7fe9cebd6000-7fe9cebd7000 rw-p 00025000 08:01 5640225                    /lib/x86_64-linux-gnu/libpng12.so.0.50.0
7fe9cebd7000-7fe9cec1b000 r-xp 00000000 08:01 5640241                    /lib/x86_64-linux-gnu/libdbus-1.so.3.7.6
7fe9cec1b000-7fe9cee1a000 ---p 00044000 08:01 5640241                    /lib/x86_64-linux-gnu/libdbus-1.so.3.7.6
7fe9cee1a000-7fe9cee1b000 r--p 00043000 08:01 5640241                    /lib/x86_64-linux-gnu/libdbus-1.so.3.7.6
7fe9cee1b000-7fe9cee1c000 rw-p 00044000 08:01 5640241                    /lib/x86_64-linux-gnu/libdbus-1.so.3.7.6
7fe9cee1c000-7fe9cee57000 r-xp 00000000 08:01 4727500                    /usr/lib/x86_64-linux-gnu/libp11-kit.so.0.0.0
7fe9cee57000-7fe9cf056000 ---p 0003b000 08:01 4727500                    /usr/lib/x86_64-linux-gnu/libp11-kit.so.0.0.0
7fe9cf056000-7fe9cf05c000 r--p 0003a000 08:01 4727500                    /usr/lib/x86_64-linux-gnu/libp11-kit.so.0.0.0
7fe9cf05c000-7fe9cf05e000 rw-p 00040000 08:01 4727500                    /usr/lib/x86_64-linux-gnu/libp11-kit.so.0.0.0
7fe9cf05e000-7fe9cf070000 r-xp 00000000 08:01 4727685                    /usr/lib/x86_64-linux-gnu/libtasn1.so.6.2.0
7fe9cf070000-7fe9cf270000 ---p 00012000 08:01 4727685                    /usr/lib/x86_64-linux-gnu/libtasn1.so.6.2.0
7fe9cf270000-7fe9cf271000 r--p 00012000 08:01 4727685                    /usr/lib/x86_64-linux-gnu/libtasn1.so.6.2.0
7fe9cf271000-7fe9cf272000 rw-p 00013000 08:01 4727685                    /usr/lib/x86_64-linux-gnu/libtasn1.so.6.2.0
7fe9cf272000-7fe9cf2ee000 r-xp 00000000 08:01 5640121                    /lib/x86_64-linux-gnu/libgcrypt.so.11.8.2
7fe9cf2ee000-7fe9cf4ed000 ---p 0007c000 08:01 5640121                    /lib/x86_64-linux-gnu/libgcrypt.so.11.8.2
7fe9cf4ed000-7fe9cf4ee000 r--p 0007b000 08:01 5640121                    /lib/x86_64-linux-gnu/libgcrypt.so.11.8.2
7fe9cf4ee000-7fe9cf4f1000 rw-p 0007c000 08:01 5640121                    /lib/x86_64-linux-gnu/libgcrypt.so.11.8.2
7fe9cf4f1000-7fe9cf4fb000 r-xp 00000000 08:01 4720685                    /usr/lib/x86_64-linux-gnu/libkrb5support.so.0.1
7fe9cf4fb000-7fe9cf6fa000 ---p 0000a000 08:01 4720685                    /usr/lib/x86_64-linux-gnu/libkrb5support.so.0.1
7fe9cf6fa000-7fe9cf6fb000 r--p 00009000 08:01 4720685                    /usr/lib/x86_64-linux-gnu/libkrb5support.so.0.1
7fe9cf6fb000-7fe9cf6fc000 rw-p 0000a000 08:01 4720685                    /usr/lib/x86_64-linux-gnu/libkrb5support.so.0.1
7fe9cf6fc000-7fe9cf6ff000 r-xp 00000000 08:01 5640119                    /lib/x86_64-linux-gnu/libcom_err.so.2.1
7fe9cf6ff000-7fe9cf8fe000 ---p 00003000 08:01 5640119                    /lib/x86_64-linux-gnu/libcom_err.so.2.1
7fe9cf8fe000-7fe9cf8ff000 r--p 00002000 08:01 5640119                    /lib/x86_64-linux-gnu/libcom_err.so.2.1
7fe9cf8ff000-7fe9cf900000 rw-p 00003000 08:01 5640119                    /lib/x86_64-linux-gnu/libcom_err.so.2.1
7fe9cf900000-7fe9cf92c000 r-xp 00000000 08:01 4720679                    /usr/lib/x86_64-linux-gnu/libk5crypto.so.3.1
7fe9cf92c000-7fe9cfb2b000 ---p 0002c000 08:01 4720679                    /usr/lib/x86_64-linux-gnu/libk5crypto.so.3.1
7fe9cfb2b000-7fe9cfb2d000 r--p 0002b000 08:01 4720679                    /usr/lib/x86_64-linux-gnu/libk5crypto.so.3.1
7fe9cfb2d000-7fe9cfb2e000 rw-p 0002d000 08:01 4720679                    /usr/lib/x86_64-linux-gnu/libk5crypto.so.3.1
7fe9cfb2e000-7fe9cfb2f000 rw-p 00000000 00:00 0 
7fe9cfb2f000-7fe9cfbeb000 r-xp 00000000 08:01 4720683                    /usr/lib/x86_64-linux-gnu/libkrb5.so.3.3
7fe9cfbeb000-7fe9cfdeb000 ---p 000bc000 08:01 4720683                    /usr/lib/x86_64-linux-gnu/libkrb5.so.3.3
7fe9cfdeb000-7fe9cfdf8000 r--p 000bc000 08:01 4720683                    /usr/lib/x86_64-linux-gnu/libkrb5.so.3.3
7fe9cfdf8000-7fe9cfdfa000 rw-p 000c9000 08:01 4720683                    /usr/lib/x86_64-linux-gnu/libkrb5.so.3.3
7fe9cfdfa000-7fe9cfdff000 r-xp 00000000 08:01 4726784                    /usr/lib/x86_64-linux-gnu/libXdmcp.so.6.0.0
7fe9cfdff000-7fe9cfffe000 ---p 00005000 08:01 4726784                    /usr/lib/x86_64-linux-gnu/libXdmcp.so.6.0.0
7fe9cfffe000-7fe9cffff000 r--p 00004000 08:01 4726784                    /usr/lib/x86_64-linux-gnu/libXdmcp.so.6.0.0
7fe9cffff000-7fe9d0000000 rw-p 00005000 08:01 4726784                    /usr/lib/x86_64-linux-gnu/libXdmcp.so.6.0.0
7fe9d0000000-7fe9d08ae000 rw-p 00000000 00:00 0 
7fe9d08ae000-7fe9d4000000 ---p 00000000 00:00 0 
7fe9d4000000-7fe9d47e8000 rw-p 00000000 00:00 0 
7fe9d47e8000-7fe9d8000000 ---p 00000000 00:00 0 
7fe9d8000000-7fe9d8151000 rw-p 00000000 00:00 0 
7fe9d8151000-7fe9dc000000 ---p 00000000 00:00 0 
7fe9dc000000-7fe9dc4d7000 rw-p 00000000 00:00 0 
7fe9dc4d7000-7fe9e0000000 ---p 00000000 00:00 0 
7fe9e0000000-7fe9e1453000 rw-p 00000000 00:00 0 
7fe9e1453000-7fe9e4000000 ---p 00000000 00:00 0 
7fe9e4000000-7fe9e46a3000 rw-p 00000000 00:00 0 
7fe9e46a3000-7fe9e8000000 ---p 00000000 00:00 0 
7fe9e8000000-7fe9e8021000 rw-p 00000000 00:00 0 
7fe9e8021000-7fe9ec000000 ---p 00000000 00:00 0 
7fe9ec000000-7fe9ed6fd000 rw-p 00000000 00:00 0 
7fe9ed6fd000-7fe9f0000000 ---p 00000000 00:00 0 
7fe9f0000000-7fe9f1d95000 rw-p 00000000 00:00 0 
7fe9f1d95000-7fe9f4000000 ---p 00000000 00:00 0 
7fe9f4000000-7fe9f4021000 rw-p 00000000 00:00 0 
7fe9f4021000-7fe9f8000000 ---p 00000000 00:00 0 
7fe9f8000000-7fe9f8021000 rw-p 00000000 00:00 0 
7fe9f8021000-7fe9fc000000 ---p 00000000 00:00 0 
7fe9fc000000-7fe9fd91b000 rw-p 00000000 00:00 0 
7fe9fd91b000-7fea00000000 ---p 00000000 00:00 0 
7fea00000000-7fea00021000 rw-p 00000000 00:00 0 
7fea00021000-7fea04000000 ---p 00000000 00:00 0 
7fea04000000-7fea04021000 rw-p 00000000 00:00 0 
7fea04021000-7fea08000000 ---p 00000000 00:00 0 
7fea08000000-7fea08180000 rw-p 00000000 00:00 0 
7fea08180000-7fea0c000000 ---p 00000000 00:00 0 
7fea0c000000-7fea0c269000 rw-p 00000000 00:00 0 
7fea0c269000-7fea10000000 ---p 00000000 00:00 0 
7fea10000000-7fea10160000 rw-p 00000000 00:00 0 
7fea10160000-7fea14000000 ---p 00000000 00:00 0 
7fea140ac000-7fea140af000 ---p 00000000 00:00 0 
7fea140af000-7fea140e5000 rw-p 00000000 00:00 0 
7fea140e5000-7fea140e7000 r-xp 00000000 08:01 4726773                    /usr/lib/x86_64-linux-gnu/libXau.so.6.0.0
7fea140e7000-7fea142e7000 ---p 00002000 08:01 4726773                    /usr/lib/x86_64-linux-gnu/libXau.so.6.0.0
7fea142e7000-7fea142e8000 r--p 00002000 08:01 4726773                    /usr/lib/x86_64-linux-gnu/libXau.so.6.0.0
7fea142e8000-7fea142e9000 rw-p 00003000 08:01 4726773                    /usr/lib/x86_64-linux-gnu/libXau.so.6.0.0
7fea142e9000-7fea14310000 r-xp 00000000 08:01 5640132                    /lib/x86_64-linux-gnu/libexpat.so.1.6.0
7fea14310000-7fea14510000 ---p 00027000 08:01 5640132                    /lib/x86_64-linux-gnu/libexpat.so.1.6.0
7fea14510000-7fea14512000 r--p 00027000 08:01 5640132                    /lib/x86_64-linux-gnu/libexpat.so.1.6.0
7fea14512000-7fea14513000 rw-p 00029000 08:01 5640132                    /lib/x86_64-linux-gnu/libexpat.so.1.6.0
7fea14513000-7fea145b0000 r-xp 00000000 08:01 4727093                    /usr/lib/x86_64-linux-gnu/libfreetype.so.6.11.1
7fea145b0000-7fea147af000 ---p 0009d000 08:01 4727093                    /usr/lib/x86_64-linux-gnu/libfreetype.so.6.11.1
7fea147af000-7fea147b5000 r--p 0009c000 08:01 4727093                    /usr/lib/x86_64-linux-gnu/libfreetype.so.6.11.1
7fea147b5000-7fea147b6000 rw-p 000a2000 08:01 4727093                    /usr/lib/x86_64-linux-gnu/libfreetype.so.6.11.1
7fea147b6000-7fea147c5000 r-xp 00000000 08:01 4726877                    /usr/lib/x86_64-linux-gnu/libavahi-client.so.3.2.9
7fea147c5000-7fea149c5000 ---p 0000f000 08:01 4726877                    /usr/lib/x86_64-linux-gnu/libavahi-client.so.3.2.9
7fea149c5000-7fea149c6000 r--p 0000f000 08:01 4726877                    /usr/lib/x86_64-linux-gnu/libavahi-client.so.3.2.9
7fea149c6000-7fea149c7000 rw-p 00010000 08:01 4726877                    /usr/lib/x86_64-linux-gnu/libavahi-client.so.3.2.9
7fea149c7000-7fea149d2000 r-xp 00000000 08:01 4726879                    /usr/lib/x86_64-linux-gnu/libavahi-common.so.3.5.3
7fea149d2000-7fea14bd1000 ---p 0000b000 08:01 4726879                    /usr/lib/x86_64-linux-gnu/libavahi-common.so.3.5.3
7fea14bd1000-7fea14bd2000 r--p 0000a000 08:01 4726879                    /usr/lib/x86_64-linux-gnu/libavahi-common.so.3.5.3
7fea14bd2000-7fea14bd3000 rw-p 0000b000 08:01 4726879                    /usr/lib/x86_64-linux-gnu/libavahi-common.so.3.5.3
7fea14bd3000-7fea14c89000 r-xp 00000000 08:01 4727180                    /usr/lib/x86_64-linux-gnu/libgnutls.so.26.22.6
7fea14c89000-7fea14e89000 ---p 000b6000 08:01 4727180                    /usr/lib/x86_64-linux-gnu/libgnutls.so.26.22.6
7fea14e89000-7fea14e8f000 r--p 000b6000 08:01 4727180                    /usr/lib/x86_64-linux-gnu/libgnutls.so.26.22.6
7fea14e8f000-7fea14e90000 rw-p 000bc000 08:01 4727180                    /usr/lib/x86_64-linux-gnu/libgnutls.so.26.22.6
7fea14e90000-7fea14e91000 rw-p 00000000 00:00 0 
7fea14e91000-7fea14ed4000 r-xp 00000000 08:01 4720681                    /usr/lib/x86_64-linux-gnu/libgssapi_krb5.so.2.2
7fea14ed4000-7fea150d4000 ---p 00043000 08:01 4720681                    /usr/lib/x86_64-linux-gnu/libgssapi_krb5.so.2.2
7fea150d4000-7fea150d5000 r--p 00043000 08:01 4720681                    /usr/lib/x86_64-linux-gnu/libgssapi_krb5.so.2.2
7fea150d5000-7fea150d7000 rw-p 00044000 08:01 4720681                    /usr/lib/x86_64-linux-gnu/libgssapi_krb5.so.2.2
7fea150d7000-7fea150f4000 r-xp 00000000 08:01 4727843                    /usr/lib/x86_64-linux-gnu/libxcb.so.1.1.0
7fea150f4000-7fea152f4000 ---p 0001d000 08:01 4727843                    /usr/lib/x86_64-linux-gnu/libxcb.so.1.1.0
7fea152f4000-7fea152f5000 r--p 0001d000 08:01 4727843                    /usr/lib/x86_64-linux-gnu/libxcb.so.1.1.0
7fea152f5000-7fea152f6000 rw-p 0001e000 08:01 4727843                    /usr/lib/x86_64-linux-gnu/libxcb.so.1.1.0
7fea152f6000-7fea15330000 r-xp 00000000 08:01 4727065                    /usr/lib/x86_64-linux-gnu/libfontconfig.so.1.8.0
7fea15330000-7fea1552f000 ---p 0003a000 08:01 4727065                    /usr/lib/x86_64-linux-gnu/libfontconfig.so.1.8.0
7fea1552f000-7fea15531000 r--p 00039000 08:01 4727065                    /usr/lib/x86_64-linux-gnu/libfontconfig.so.1.8.0
7fea15531000-7fea15532000 rw-p 0003b000 08:01 4727065                    /usr/lib/x86_64-linux-gnu/libfontconfig.so.1.8.0
7fea15532000-7fea1559e000 r-xp 00000000 08:01 4719257                    /usr/lib/x86_64-linux-gnu/libcups.so.2
7fea1559e000-7fea1579e000 ---p 0006c000 08:01 4719257                    /usr/lib/x86_64-linux-gnu/libcups.so.2
7fea1579e000-7fea157a5000 r--p 0006c000 08:01 4719257                    /usr/lib/x86_64-linux-gnu/libcups.so.2
7fea157a5000-7fea157a6000 rw-p 00073000 08:01 4719257                    /usr/lib/x86_64-linux-gnu/libcups.so.2
7fea157a6000-7fea157b5000 r-xp 00000000 08:01 4726794                    /usr/lib/x86_64-linux-gnu/libXi.so.6.1.0
7fea157b5000-7fea159b4000 ---p 0000f000 08:01 4726794                    /usr/lib/x86_64-linux-gnu/libXi.so.6.1.0
7fea159b4000-7fea159b5000 r--p 0000e000 08:01 4726794                    /usr/lib/x86_64-linux-gnu/libXi.so.6.1.0
7fea159b5000-7fea159b6000 rw-p 0000f000 08:01 4726794                    /usr/lib/x86_64-linux-gnu/libXi.so.6.1.0
7fea159b6000-7fea159bb000 r-xp 00000000 08:01 4726814                    /usr/lib/x86_64-linux-gnu/libXtst.so.6.1.0
7fea159bb000-7fea15bba000 ---p 00005000 08:01 4726814                    /usr/lib/x86_64-linux-gnu/libXtst.so.6.1.0
7fea15bba000-7fea15bbb000 r--p 00004000 08:01 4726814                    /usr/lib/x86_64-linux-gnu/libXtst.so.6.1.0
7fea15bbb000-7fea15bbc000 rw-p 00005000 08:01 4726814                    /usr/lib/x86_64-linux-gnu/libXtst.so.6.1.0
7fea15bbc000-7fea15bc5000 r-xp 00000000 08:01 4726808                    /usr/lib/x86_64-linux-gnu/libXrender.so.1.3.0
7fea15bc5000-7fea15dc4000 ---p 00009000 08:01 4726808                    /usr/lib/x86_64-linux-gnu/libXrender.so.1.3.0
7fea15dc4000-7fea15dc5000 r--p 00008000 08:01 4726808                    /usr/lib/x86_64-linux-gnu/libXrender.so.1.3.0
7fea15dc5000-7fea15dc6000 rw-p 00009000 08:01 4726808                    /usr/lib/x86_64-linux-gnu/libXrender.so.1.3.0
7fea15dc6000-7fea15ef6000 r-xp 00000000 08:01 4726769                    /usr/lib/x86_64-linux-gnu/libX11.so.6.3.0
7fea15ef6000-7fea160f6000 ---p 00130000 08:01 4726769                    /usr/lib/x86_64-linux-gnu/libX11.so.6.3.0
7fea160f6000-7fea160f7000 r--p 00130000 08:01 4726769                    /usr/lib/x86_64-linux-gnu/libX11.so.6.3.0
7fea160f7000-7fea160fb000 rw-p 00131000 08:01 4726769                    /usr/lib/x86_64-linux-gnu/libX11.so.6.3.0
7fea160fb000-7fea1610c000 r-xp 00000000 08:01 4726786                    /usr/lib/x86_64-linux-gnu/libXext.so.6.4.0
7fea1610c000-7fea1630b000 ---p 00011000 08:01 4726786                    /usr/lib/x86_64-linux-gnu/libXext.so.6.4.0
7fea1630b000-7fea1630c000 r--p 00010000 08:01 4726786                    /usr/lib/x86_64-linux-gnu/libXext.so.6.4.0
7fea1630c000-7fea1630d000 rw-p 00011000 08:01 4726786                    /usr/lib/x86_64-linux-gnu/libXext.so.6.4.0
7fea1630d000-7fea16355000 r-xp 00000000 08:01 658627                     /usr/lib/jvm/java-7-openjdk-amd64/jre/lib/amd64/xawt/libmawt.so
7fea16355000-7fea16554000 ---p 00048000 08:01 658627                     /usr/lib/jvm/java-7-openjdk-amd64/jre/lib/amd64/xawt/libmawt.so
7fea16554000-7fea16555000 r--p 00047000 08:01 658627                     /usr/lib/jvm/java-7-openjdk-amd64/jre/lib/amd64/xawt/libmawt.so
7fea16555000-7fea16558000 rw-p 00048000 08:01 658627                     /usr/lib/jvm/java-7-openjdk-amd64/jre/lib/amd64/xawt/libmawt.so
7fea16558000-7fea16559000 rw-p 00000000 00:00 0 
7fea16559000-7fea165f9000 r-xp 00000000 08:01 402122                     /usr/lib/jvm/java-7-openjdk-amd64/jre/lib/amd64/libawt.so
7fea165f9000-7fea167f9000 ---p 000a0000 08:01 402122                     /usr/lib/jvm/java-7-openjdk-amd64/jre/lib/amd64/libawt.so
7fea167f9000-7fea167fa000 r--p 000a0000 08:01 402122                     /usr/lib/jvm/java-7-openjdk-amd64/jre/lib/amd64/libawt.so
7fea167fa000-7fea16805000 rw-p 000a1000 08:01 402122                     /usr/lib/jvm/java-7-openjdk-amd64/jre/lib/amd64/libawt.so
7fea16805000-7fea1682a000 rw-p 00000000 00:00 0 
7fea1682a000-7fea168a2000 r-xp 00000000 08:01 5115262                    /usr/lib/x86_64-linux-gnu/nss/libfreebl3.so
7fea168a2000-7fea16aa2000 ---p 00078000 08:01 5115262                    /usr/lib/x86_64-linux-gnu/nss/libfreebl3.so
7fea16aa2000-7fea16aa4000 r--p 00078000 08:01 5115262                    /usr/lib/x86_64-linux-gnu/nss/libfreebl3.so
7fea16aa4000-7fea16aa5000 rw-p 0007a000 08:01 5115262                    /usr/lib/x86_64-linux-gnu/nss/libfreebl3.so
7fea16aa5000-7fea16aa9000 rw-p 00000000 00:00 0 
7fea16aa9000-7fea16b5d000 r-xp 00000000 08:01 4727669                    /usr/lib/x86_64-linux-gnu/libsqlite3.so.0.8.6
7fea16b5d000-7fea16d5d000 ---p 000b4000 08:01 4727669                    /usr/lib/x86_64-linux-gnu/libsqlite3.so.0.8.6
7fea16d5d000-7fea16d5f000 r--p 000b4000 08:01 4727669                    /usr/lib/x86_64-linux-gnu/libsqlite3.so.0.8.6
7fea16d5f000-7fea16d61000 rw-p 000b6000 08:01 4727669                    /usr/lib/x86_64-linux-gnu/libsqlite3.so.0.8.6
7fea16d61000-7fea16d62000 rw-p 00000000 00:00 0 
7fea16d62000-7fea16da2000 r-xp 00000000 08:01 5117430                    /usr/lib/x86_64-linux-gnu/nss/libsoftokn3.so
7fea16da2000-7fea16fa2000 ---p 00040000 08:01 5117430                    /usr/lib/x86_64-linux-gnu/nss/libsoftokn3.so
7fea16fa2000-7fea16fa3000 r--p 00040000 08:01 5117430                    /usr/lib/x86_64-linux-gnu/nss/libsoftokn3.so
7fea16fa3000-7fea16fa4000 rw-p 00041000 08:01 5117430                    /usr/lib/x86_64-linux-gnu/nss/libsoftokn3.so
7fea16fa4000-7fea16fdc000 r-xp 00000000 08:01 4720781                    /usr/lib/x86_64-linux-gnu/libnspr4.so
7fea16fdc000-7fea171dc000 ---p 00038000 08:01 4720781                    /usr/lib/x86_64-linux-gnu/libnspr4.so
7fea171dc000-7fea171dd000 r--p 00038000 08:01 4720781                    /usr/lib/x86_64-linux-gnu/libnspr4.so
7fea171dd000-7fea171de000 rw-p 00039000 08:01 4720781                    /usr/lib/x86_64-linux-gnu/libnspr4.so
7fea171de000-7fea171e1000 rw-p 00000000 00:00 0 
7fea171e1000-7fea171e4000 r-xp 00000000 08:01 4720779                    /usr/lib/x86_64-linux-gnu/libplds4.so
7fea171e4000-7fea173e3000 ---p 00003000 08:01 4720779                    /usr/lib/x86_64-linux-gnu/libplds4.so
7fea173e3000-7fea173e4000 r--p 00002000 08:01 4720779                    /usr/lib/x86_64-linux-gnu/libplds4.so
7fea173e4000-7fea173e5000 rw-p 00003000 08:01 4720779                    /usr/lib/x86_64-linux-gnu/libplds4.so
7fea173e5000-7fea173e9000 r-xp 00000000 08:01 4720780                    /usr/lib/x86_64-linux-gnu/libplc4.so
7fea173e9000-7fea175e8000 ---p 00004000 08:01 4720780                    /usr/lib/x86_64-linux-gnu/libplc4.so
7fea175e8000-7fea175e9000 r--p 00003000 08:01 4720780                    /usr/lib/x86_64-linux-gnu/libplc4.so
7fea175e9000-7fea175ea000 rw-p 00004000 08:01 4720780                    /usr/lib/x86_64-linux-gnu/libplc4.so
7fea175ea000-7fea1760f000 r-xp 00000000 08:01 4720782                    /usr/lib/x86_64-linux-gnu/libnssutil3.so
7fea1760f000-7fea1780e000 ---p 00025000 08:01 4720782                    /usr/lib/x86_64-linux-gnu/libnssutil3.so
7fea1780e000-7fea17814000 r--p 00024000 08:01 4720782                    /usr/lib/x86_64-linux-gnu/libnssutil3.so
7fea17814000-7fea17815000 rw-p 0002a000 08:01 4720782                    /usr/lib/x86_64-linux-gnu/libnssutil3.so
7fea17815000-7fea17948000 r-xp 00000000 08:01 4720785                    /usr/lib/x86_64-linux-gnu/libnss3.so
7fea17948000-7fea17b47000 ---p 00133000 08:01 4720785                    /usr/lib/x86_64-linux-gnu/libnss3.so
7fea17b47000-7fea17b4c000 r--p 00132000 08:01 4720785                    /usr/lib/x86_64-linux-gnu/libnss3.so
7fea17b4c000-7fea17b4e000 rw-p 00137000 08:01 4720785                    /usr/lib/x86_64-linux-gnu/libnss3.so
7fea17b4e000-7fea17b4f000 rw-p 00000000 00:00 0 
7fea17b64000-7fea17b74000 r-xp 00000000 08:01 402111                     /usr/lib/jvm/java-7-openjdk-amd64/jre/lib/amd64/libj2pkcs11.so
7fea17b74000-7fea17d73000 ---p 00010000 08:01 402111                     /usr/lib/jvm/java-7-openjdk-amd64/jre/lib/amd64/libj2pkcs11.so
7fea17d73000-7fea17d74000 r--p 0000f000 08:01 402111                     /usr/lib/jvm/java-7-openjdk-amd64/jre/lib/amd64/libj2pkcs11.so
7fea17d74000-7fea17d75000 rw-p 00010000 08:01 402111                     /usr/lib/jvm/java-7-openjdk-amd64/jre/lib/amd64/libj2pkcs11.so
7fea17d75000-7fea17d78000 r--s 00017000 08:01 267566                     /usr/lib/jvm/java-7-openjdk-amd64/jre/lib/jce.jar
7fea17d78000-7fea17d7b000 ---p 00000000 00:00 0 
7fea17d7b000-7fea17e79000 rw-p 00000000 00:00 0                          [stack:4599]
7fea17e79000-7fea17e7f000 r--s 00033000 08:01 6685884                    /home/vitchyr/.ivy2/cache/commons-codec/commons-codec/jars/commons-codec-1.6.jar
7fea17e7f000-7fea17e81000 r--s 0000e000 08:01 6685882                    /home/vitchyr/.ivy2/cache/commons-logging/commons-logging/jars/commons-logging-1.1.3.jar
7fea17e81000-7fea17e88000 r--s 0003f000 08:01 6685881                    /home/vitchyr/.ivy2/cache/org.apache.httpcomponents/httpcore/jars/httpcore-4.3.3.jar
7fea17e88000-7fea17e94000 r--s 00085000 08:01 6685875                    /home/vitchyr/.ivy2/cache/org.apache.httpcomponents/httpclient/jars/httpclient-4.3.6.jar
7fea17e94000-7fea17e98000 r--s 0002a000 08:01 6685873                    /home/vitchyr/.ivy2/cache/commons-io/commons-io/jars/commons-io-2.4.jar
7fea17e98000-7fea17ea9000 r--s 000f6000 08:01 6685872                    /home/vitchyr/.ivy2/cache/com.fasterxml.jackson.core/jackson-databind/bundles/jackson-databind-2.4.0.jar
7fea17ea9000-7fea17ead000 r--s 00034000 08:01 6685879                    /home/vitchyr/.ivy2/cache/com.fasterxml.jackson.core/jackson-core/bundles/jackson-core-2.4.0.jar
7fea17ead000-7fea17eb0000 r--s 00007000 08:01 6685877                    /home/vitchyr/.ivy2/cache/com.fasterxml.jackson.core/jackson-annotations/bundles/jackson-annotations-2.4.0.jar
7fea17eb0000-7fea17eb2000 r--s 0000b000 08:01 6685870                    /home/vitchyr/.ivy2/cache/com.fasterxml.jackson.datatype/jackson-datatype-joda/bundles/jackson-datatype-joda-2.4.0.jar
7fea17eb2000-7fea17eb4000 r--s 0000d000 08:01 6685711                    /home/vitchyr/.ivy2/cache/org.joda/joda-money/jars/joda-money-0.10.0.jar
7fea17eb4000-7fea17ec3000 r--s 0007f000 08:01 6685866                    /home/vitchyr/.ivy2/cache/joda-time/joda-time/jars/joda-time-2.3.jar
7fea17ec3000-7fea17ec6000 r--s 00021000 08:01 6685864                    /home/vitchyr/.ivy2/cache/com.coinbase.api/coinbase-java/jars/coinbase-java-1.9.0.jar
7fea17ec6000-7fea17ee7000 r--s 0015a000 08:01 6685483                    /home/vitchyr/.ivy2/cache/bouncycastle/bcprov-jdk14/jars/bcprov-jdk14-138.jar
7fea17ee7000-7fea17eeb000 r--s 0002b000 08:01 6685481                    /home/vitchyr/.ivy2/cache/bouncycastle/bcmail-jdk14/jars/bcmail-jdk14-138.jar
7fea17eeb000-7fea17ef7000 r--s 00105000 08:01 6685433                    /home/vitchyr/.ivy2/cache/com.lowagie/itext/jars/itext-2.1.5.jar
7fea17ef7000-7fea17f01000 r--s 00075000 08:01 6685425                    /home/vitchyr/.ivy2/cache/org.apache.xmlgraphics/xmlgraphics-commons/jars/xmlgraphics-commons-1.3.1.jar
7fea17f01000-7fea17f12000 r--s 0014c000 08:01 6685423                    /home/vitchyr/.ivy2/cache/jfree/jfreechart/jars/jfreechart-1.0.13.jar
7fea17f12000-7fea17f1c000 r--s 0006e000 08:01 6685421                    /home/vitchyr/.ivy2/cache/jfree/jcommon/jars/jcommon-1.0.16.jar
7fea17f1c000-7fea17f20000 r--s 0002b000 08:01 6685419                    /home/vitchyr/.ivy2/cache/org.scalanlp/breeze-viz_2.11/jars/breeze-viz_2.11-0.8.jar
7fea17f20000-7fea17f22000 r--s 00088000 08:01 6685158                    /home/vitchyr/.ivy2/cache/com.github.fommil.netlib/netlib-native_system-win-i686/jars/netlib-native_system-win-i686-1.1-natives.jar
7fea17f22000-7fea17f23000 r--s 0009b000 08:01 6684811                    /home/vitchyr/.ivy2/cache/com.github.fommil.netlib/netlib-native_system-win-x86_64/jars/netlib-native_system-win-x86_64-1.1-natives.jar
7fea17f23000-7fea17f24000 r--s 0004b000 08:01 6684809                    /home/vitchyr/.ivy2/cache/com.github.fommil.netlib/netlib-native_system-linux-armhf/jars/netlib-native_system-linux-armhf-1.1-natives.jar
7fea17f24000-7fea17f25000 r--s 0006a000 08:01 6684804                    /home/vitchyr/.ivy2/cache/com.github.fommil.netlib/netlib-native_system-linux-i686/jars/netlib-native_system-linux-i686-1.1-natives.jar
7fea17f25000-7fea17f26000 r--s 0006f000 08:01 6558460                    /home/vitchyr/.ivy2/cache/com.github.fommil.netlib/netlib-native_system-linux-x86_64/jars/netlib-native_system-linux-x86_64-1.1-natives.jar
7fea17f26000-7fea17f27000 r--s 0000d000 08:01 6685213                    /home/vitchyr/.ivy2/cache/com.github.fommil.netlib/native_system-java/jars/native_system-java-1.1.jar
7fea17f27000-7fea17f28000 r--s 00087000 08:01 5648160                    /home/vitchyr/.ivy2/cache/com.github.fommil.netlib/netlib-native_system-osx-x86_64/jars/netlib-native_system-osx-x86_64-1.1-natives.jar
7fea17f28000-7fea17f29000 r--s 00126000 08:01 6684762                    /home/vitchyr/.ivy2/cache/com.github.fommil.netlib/netlib-native_ref-linux-armhf/jars/netlib-native_ref-linux-armhf-1.1-natives.jar
7fea17f29000-7fea17f2a000 r--s 001bd000 08:01 6684760                    /home/vitchyr/.ivy2/cache/com.github.fommil.netlib/netlib-native_ref-win-i686/jars/netlib-native_ref-win-i686-1.1-natives.jar
7fea17f2a000-7fea17f2b000 r--s 00232000 08:01 6684758                    /home/vitchyr/.ivy2/cache/com.github.fommil.netlib/netlib-native_ref-win-x86_64/jars/netlib-native_ref-win-x86_64-1.1-natives.jar
7fea17f2b000-7fea17f2c000 r--s 0016b000 08:01 6684756                    /home/vitchyr/.ivy2/cache/com.github.fommil.netlib/netlib-native_ref-linux-i686/jars/netlib-native_ref-linux-i686-1.1-natives.jar
7fea17f2c000-7fea17f2e000 r--s 001aa000 08:01 5648158                    /home/vitchyr/.ivy2/cache/com.github.fommil.netlib/netlib-native_ref-linux-x86_64/jars/netlib-native_ref-linux-x86_64-1.1-natives.jar
7fea17f2e000-7fea17f30000 r--s 00001000 08:01 6685162                    /home/vitchyr/.ivy2/cache/com.github.fommil/jniloader/jars/jniloader-1.1.jar
7fea17f30000-7fea17f31000 r--s 0000d000 08:01 6685160                    /home/vitchyr/.ivy2/cache/com.github.fommil.netlib/native_ref-java/jars/native_ref-java-1.1.jar
7fea17f31000-7fea17f33000 r--s 001c0000 08:01 5648156                    /home/vitchyr/.ivy2/cache/com.github.fommil.netlib/netlib-native_ref-osx-x86_64/jars/netlib-native_ref-osx-x86_64-1.1-natives.jar
7fea17f33000-7fea17f35000 r--s 00005000 08:01 5648147                    /home/vitchyr/.ivy2/cache/org.slf4j/slf4j-api/jars/slf4j-api-1.7.5.jar
7fea17f35000-7fea17f37000 r--s 00014000 08:01 5648152                    /home/vitchyr/.ivy2/cache/org.spire-math/spire-macros_2.11/jars/spire-macros_2.11-0.7.4.jar
7fea17f37000-7fea17f8c000 r--s 0069c000 08:01 5648145                    /home/vitchyr/.ivy2/cache/org.spire-math/spire_2.11/jars/spire_2.11-0.7.4.jar
7fea17f8c000-7fea17faa000 r--s 00180000 08:01 5648143                    /home/vitchyr/.ivy2/cache/org.apache.commons/commons-math3/jars/commons-math3-3.2.jar
7fea17faa000-7fea17fb5000 r--s 000b0000 08:01 5648141                    /home/vitchyr/.ivy2/cache/com.github.rwl/jtransforms/jars/jtransforms-2.4.0.jar
7fea17fb5000-7fea18000000 r--s 003ed000 08:01 5648148                    /home/vitchyr/.ivy2/cache/org.scala-lang/scala-reflect/jars/scala-reflect-2.11.0.jar
7fea18000000-7fea1812e000 rw-p 00000000 00:00 0 
7fea1812e000-7fea1c000000 ---p 00000000 00:00 0 
7fea1c000000-7fea1c001000 r--s 00000000 08:01 5648129                    /home/vitchyr/.ivy2/cache/org.scalanlp/breeze-natives_2.11/jars/breeze-natives_2.11-0.10.jar
7fea1c001000-7fea1c007000 r--s 00034000 08:01 5648150                    /home/vitchyr/.ivy2/cache/junit/junit/jars/junit-4.8.2.jar
7fea1c007000-7fea1c008000 r--s 00004000 08:01 5648139                    /home/vitchyr/.ivy2/cache/net.sf.opencsv/opencsv/jars/opencsv-2.3.jar
7fea1c008000-7fea1c032000 r--s 0058a000 08:01 5648137                    /home/vitchyr/.ivy2/cache/net.sourceforge.f2j/arpack_combined_all/jars/arpack_combined_all-0.1-javadoc.jar
7fea1c032000-7fea1c044000 r--s 00112000 08:01 5648135                    /home/vitchyr/.ivy2/cache/net.sourceforge.f2j/arpack_combined_all/jars/arpack_combined_all-0.1.jar
7fea1c044000-7fea1c046000 r--s 00027000 08:01 5648133                    /home/vitchyr/.ivy2/cache/com.github.fommil.netlib/core/jars/core-1.1.2.jar
7fea1c046000-7fea1c049000 r--s 0001f000 08:01 5648131                    /home/vitchyr/.ivy2/cache/org.scalanlp/breeze-macros_2.11/jars/breeze-macros_2.11-0.3.1.jar
7fea1c049000-7fea1c117000 r--s 00b62000 08:01 5648125                    /home/vitchyr/.ivy2/cache/org.scalanlp/breeze_2.11/jars/breeze_2.11-0.10.jar
7fea1c117000-7fea1c125000 r--s 0010f000 08:01 267560                     /usr/lib/jvm/java-7-openjdk-amd64/jre/lib/rhino.jar
7fea1c125000-7fea1c12f000 r--s 00203000 08:01 267568                     /usr/lib/jvm/java-7-openjdk-amd64/jre/lib/charsets.jar
7fea1c132000-7fea1c137000 r--s 00034000 08:01 5647161                    /home/vitchyr/.sbt/boot/scala-2.10.4/org.scala-sbt/sbt/0.13.7/compiler-interface-bin_2.11.2__51.0/compiler-interface.jar
7fea1c137000-7fea1c13b000 r--s 00031000 08:01 5647158                    /home/vitchyr/.ivy2/cache/jline/jline/jars/jline-2.12.jar
7fea1c13b000-7fea1c146000 r--s 0005b000 08:01 5647157                    /home/vitchyr/.ivy2/cache/org.scala-lang.modules/scala-parser-combinators_2.11/bundles/scala-parser-combinators_2.11-1.0.2.jar
7fea1c146000-7fea1c150000 r--s 00095000 08:01 5647155                    /home/vitchyr/.ivy2/cache/org.scala-lang.modules/scala-xml_2.11/bundles/scala-xml_2.11-1.0.2.jar
7fea1c150000-7fea1c19c000 r--s 003e5000 08:01 5646846                    /home/vitchyr/.ivy2/cache/org.scala-lang/scala-reflect/jars/scala-reflect-2.11.2.jar
7fea1c19c000-7fea1c28e000 r--s 00c02000 08:01 5646860                    /home/vitchyr/.ivy2/cache/org.scala-lang/scala-compiler/jars/scala-compiler-2.11.2.jar
7fea1c28e000-7fea1c2e6000 r--s 004f2000 08:01 5647151                    /home/vitchyr/.ivy2/cache/org.scala-lang/scala-library/jars/scala-library-2.11.2.jar
7fea1c2e6000-7fea1c2e9000 ---p 00000000 00:00 0 
7fea1c2e9000-7fea1c3e7000 rw-p 00000000 00:00 0 
7fea1c3e7000-7fea1c3ea000 ---p 00000000 00:00 0 
7fea1c3ea000-7fea1c4e8000 rw-p 00000000 00:00 0 
7fea1c4e8000-7fea1c4eb000 ---p 00000000 00:00 0 
7fea1c4eb000-7fea1c5e9000 rw-p 00000000 00:00 0 
7fea1c5e9000-7fea1c5ec000 ---p 00000000 00:00 0 
7fea1c5ec000-7fea1c6ea000 rw-p 00000000 00:00 0 
7fea1c6ea000-7fea1c6ed000 ---p 00000000 00:00 0 
7fea1c6ed000-7fea1c7eb000 rw-p 00000000 00:00 0 
7fea1c7eb000-7fea1c7ee000 ---p 00000000 00:00 0 
7fea1c7ee000-7fea1c8ec000 rw-p 00000000 00:00 0 
7fea1c8ec000-7fea1c8f5000 r--s 000b9000 08:01 267557                     /usr/lib/jvm/java-7-openjdk-amd64/jre/lib/resources.jar
7fea1c8f5000-7fea1c8fa000 r--s 0004c000 08:01 267564                     /usr/lib/jvm/java-7-openjdk-amd64/jre/lib/jsse.jar
7fea1c8fa000-7fea1c8fd000 ---p 00000000 00:00 0 
7fea1c8fd000-7fea1c933000 rw-p 00000000 00:00 0 
7fea1c933000-7fea1c935000 r--s 0000b000 08:01 5646976                    /home/vitchyr/.sbt/boot/scala-2.10.4/org.scala-sbt/sbt/0.13.7/xsbti/interface-0.13.7.jar
7fea1c935000-7fea1c937000 r--s 00007000 08:01 5647009                    /home/vitchyr/.sbt/boot/scala-2.10.4/org.scala-sbt/sbt/0.13.7/paranamer-2.6.jar
7fea1c937000-7fea1c93a000 r--s 0000e000 08:01 5647022                    /home/vitchyr/.sbt/boot/scala-2.10.4/org.scala-sbt/sbt/0.13.7/compiler-integration-0.13.7.jar
7fea1c93a000-7fea1c93d000 r--s 00018000 08:01 5646982                    /home/vitchyr/.sbt/boot/scala-2.10.4/org.scala-sbt/sbt/0.13.7/logging-0.13.7.jar
7fea1c93d000-7fea1c93f000 r--s 00006000 08:01 5646993                    /home/vitchyr/.sbt/boot/scala-2.10.4/org.scala-sbt/sbt/0.13.7/relation-0.13.7.jar
7fea1c93f000-7fea1c940000 r--s 00001000 08:01 5646997                    /home/vitchyr/.sbt/boot/scala-2.10.4/org.scala-sbt/sbt/0.13.7/json4s-support_2.10-0.6.0.jar
7fea1c940000-7fea1c94a000 r--s 00085000 08:01 5647017                    /home/vitchyr/.sbt/boot/scala-2.10.4/org.scala-sbt/sbt/0.13.7/json4s-core_2.10-3.2.10.jar
7fea1c94a000-7fea1c954000 r--s 00092000 08:01 5646979                    /home/vitchyr/.sbt/boot/scala-2.10.4/org.scala-sbt/sbt/0.13.7/main-settings-0.13.7.jar
7fea1c954000-7fea1c957000 r--s 00013000 08:01 5647019                    /home/vitchyr/.sbt/boot/scala-2.10.4/org.scala-sbt/sbt/0.13.7/classpath-0.13.7.jar
7fea1c957000-7fea1c960000 r--s 00061000 08:01 5647020                    /home/vitchyr/.sbt/boot/scala-2.10.4/org.scala-sbt/sbt/0.13.7/incremental-compiler-0.13.7.jar
7fea1c960000-7fea1c976000 r--s 00100000 08:01 5647015                    /home/vitchyr/.sbt/boot/scala-2.10.4/org.scala-sbt/sbt/0.13.7/ivy-2.3.0-sbt-fccfbd44c9f64523b61398a0155784dcbaeae28f.jar
7fea1c976000-7fea1c979000 r--s 0001d000 08:01 5647011                    /home/vitchyr/.sbt/boot/scala-2.10.4/org.scala-sbt/sbt/0.13.7/task-system-0.13.7.jar
7fea1c979000-7fea1c97d000 r--s 00034000 08:01 5646977                    /home/vitchyr/.sbt/boot/scala-2.10.4/org.scala-sbt/sbt/0.13.7/jsch-0.1.46.jar
7fea1c97d000-7fea1c97e000 r--s 0000a000 08:01 5647000                    /home/vitchyr/.sbt/boot/scala-2.10.4/org.scala-sbt/sbt/0.13.7/tracking-0.13.7.jar
7fea1c97e000-7fea1c9b4000 r--s 002d9000 08:01 5646978                    /home/vitchyr/.sbt/boot/scala-2.10.4/org.scala-sbt/sbt/0.13.7/scala-reflect-2.10.4.jar
7fea1c9b4000-7fea1c9b6000 r--s 00017000 08:01 5647003                    /home/vitchyr/.sbt/boot/scala-2.10.4/org.scala-sbt/sbt/0.13.7/testing-0.13.7.jar
7fea1c9b6000-7fea1c9b9000 r--s 0001e000 08:01 5646973                    /home/vitchyr/.sbt/boot/scala-2.10.4/org.scala-sbt/sbt/0.13.7/run-0.13.7.jar
7fea1c9b9000-7fea1c9c1000 r--s 00060000 08:01 5647026                    /home/vitchyr/.sbt/boot/scala-2.10.4/org.scala-sbt/sbt/0.13.7/collections-0.13.7.jar
7fea1c9c1000-7fea1c9c3000 r--s 00014000 08:01 5647024                    /home/vitchyr/.sbt/boot/scala-2.10.4/org.scala-sbt/sbt/0.13.7/apply-macro-0.13.7.jar
7fea1c9c3000-7fea1c9cb000 r--s 00057000 08:01 5646983                    /home/vitchyr/.sbt/boot/scala-2.10.4/org.scala-sbt/sbt/0.13.7/completion-0.13.7.jar
7fea1c9cb000-7fea1c9d1000 r--s 0003d000 08:01 5646981                    /home/vitchyr/.sbt/boot/scala-2.10.4/org.scala-sbt/sbt/0.13.7/io-0.13.7.jar
7fea1c9d1000-7fea1c9d5000 r--s 0001b000 08:01 5647018                    /home/vitchyr/.sbt/boot/scala-2.10.4/org.scala-sbt/sbt/0.13.7/process-0.13.7.jar
7fea1c9d5000-7fea1c9d8000 r--s 0001d000 08:01 5647025                    /home/vitchyr/.sbt/boot/scala-2.10.4/org.scala-sbt/sbt/0.13.7/tasks-0.13.7.jar
7fea1c9d8000-7fea1c9dc000 r--s 00022000 08:01 5646974                    /home/vitchyr/.sbt/boot/scala-2.10.4/org.scala-sbt/sbt/0.13.7/sbinary_2.10-0.4.2.jar
7fea1c9dc000-7fea1c9de000 r--s 00001000 08:01 5647010                    /home/vitchyr/.sbt/boot/scala-2.10.4/org.scala-sbt/sbt/0.13.7/launcher-interface-0.13.7.jar
7fea1c9de000-7fea1c9f1000 r--s 000be000 08:01 5647001                    /home/vitchyr/.sbt/boot/scala-2.10.4/org.scala-sbt/sbt/0.13.7/scalap-2.10.0.jar
7fea1c9f1000-7fea1ca1b000 r--s 0022d000 08:01 5646992                    /home/vitchyr/.sbt/boot/scala-2.10.4/org.scala-sbt/sbt/0.13.7/main-0.13.7.jar
7fea1ca1b000-7fea1ca8d000 r--s 0065a000 08:01 5647047                    /home/vitchyr/.sbt/boot/scala-2.10.4/lib/scala-library.jar
7fea1ca8d000-7fea1cb8a000 r--s 00cca000 08:01 5647043                    /home/vitchyr/.sbt/boot/scala-2.10.4/lib/scala-compiler.jar
7fea1cb8a000-7fea1cb9a000 r-xp 00000000 08:01 402115                     /usr/lib/jvm/java-7-openjdk-amd64/jre/lib/amd64/libnio.so
7fea1cb9a000-7fea1cd9a000 ---p 00010000 08:01 402115                     /usr/lib/jvm/java-7-openjdk-amd64/jre/lib/amd64/libnio.so
7fea1cd9a000-7fea1cd9b000 r--p 00010000 08:01 402115                     /usr/lib/jvm/java-7-openjdk-amd64/jre/lib/amd64/libnio.so
7fea1cd9b000-7fea1cd9c000 rw-p 00011000 08:01 402115                     /usr/lib/jvm/java-7-openjdk-amd64/jre/lib/amd64/libnio.so
7fea1cd9c000-7fea1cdd9000 r-xp 00000000 08:01 5640213                    /lib/x86_64-linux-gnu/libpcre.so.3.13.1
7fea1cdd9000-7fea1cfd8000 ---p 0003d000 08:01 5640213                    /lib/x86_64-linux-gnu/libpcre.so.3.13.1
7fea1cfd8000-7fea1cfd9000 r--p 0003c000 08:01 5640213                    /lib/x86_64-linux-gnu/libpcre.so.3.13.1
7fea1cfd9000-7fea1cfda000 rw-p 0003d000 08:01 5640213                    /lib/x86_64-linux-gnu/libpcre.so.3.13.1
7fea1cfda000-7fea1cfe1000 r-xp 00000000 08:01 4727051                    /usr/lib/x86_64-linux-gnu/libffi.so.6.0.1
7fea1cfe1000-7fea1d1e0000 ---p 00007000 08:01 4727051                    /usr/lib/x86_64-linux-gnu/libffi.so.6.0.1
7fea1d1e0000-7fea1d1e1000 r--p 00006000 08:01 4727051                    /usr/lib/x86_64-linux-gnu/libffi.so.6.0.1
7fea1d1e1000-7fea1d1e2000 rw-p 00007000 08:01 4727051                    /usr/lib/x86_64-linux-gnu/libffi.so.6.0.1
7fea1d1e2000-7fea1d1f9000 r-xp 00000000 08:01 5640476                    /lib/x86_64-linux-gnu/libresolv-2.19.so
7fea1d1f9000-7fea1d3f9000 ---p 00017000 08:01 5640476                    /lib/x86_64-linux-gnu/libresolv-2.19.so
7fea1d3f9000-7fea1d3fa000 r--p 00017000 08:01 5640476                    /lib/x86_64-linux-gnu/libresolv-2.19.so
7fea1d3fa000-7fea1d3fb000 rw-p 00018000 08:01 5640476                    /lib/x86_64-linux-gnu/libresolv-2.19.so
7fea1d3fb000-7fea1d3fd000 rw-p 00000000 00:00 0 
7fea1d3fd000-7fea1d41d000 r-xp 00000000 08:01 5640240                    /lib/x86_64-linux-gnu/libselinux.so.1
7fea1d41d000-7fea1d61c000 ---p 00020000 08:01 5640240                    /lib/x86_64-linux-gnu/libselinux.so.1
7fea1d61c000-7fea1d61d000 r--p 0001f000 08:01 5640240                    /lib/x86_64-linux-gnu/libselinux.so.1
7fea1d61d000-7fea1d61e000 rw-p 00020000 08:01 5640240                    /lib/x86_64-linux-gnu/libselinux.so.1
7fea1d61e000-7fea1d620000 rw-p 00000000 00:00 0 
7fea1d620000-7fea1d623000 r-xp 00000000 08:01 4718642                    /usr/lib/x86_64-linux-gnu/libgmodule-2.0.so.0.4002.0
7fea1d623000-7fea1d822000 ---p 00003000 08:01 4718642                    /usr/lib/x86_64-linux-gnu/libgmodule-2.0.so.0.4002.0
7fea1d822000-7fea1d823000 r--p 00002000 08:01 4718642                    /usr/lib/x86_64-linux-gnu/libgmodule-2.0.so.0.4002.0
7fea1d823000-7fea1d824000 rw-p 00003000 08:01 4718642                    /usr/lib/x86_64-linux-gnu/libgmodule-2.0.so.0.4002.0
7fea1d824000-7fea1d92a000 r-xp 00000000 08:01 5640030                    /lib/x86_64-linux-gnu/libglib-2.0.so.0.4002.0
7fea1d92a000-7fea1db29000 ---p 00106000 08:01 5640030                    /lib/x86_64-linux-gnu/libglib-2.0.so.0.4002.0
7fea1db29000-7fea1db2a000 r--p 00105000 08:01 5640030                    /lib/x86_64-linux-gnu/libglib-2.0.so.0.4002.0
7fea1db2a000-7fea1db2b000 rw-p 00106000 08:01 5640030                    /lib/x86_64-linux-gnu/libglib-2.0.so.0.4002.0
7fea1db2b000-7fea1db2c000 rw-p 00000000 00:00 0 
7fea1db2c000-7fea1db7b000 r-xp 00000000 08:01 4718956                    /usr/lib/x86_64-linux-gnu/libgobject-2.0.so.0.4002.0
7fea1db7b000-7fea1dd7b000 ---p 0004f000 08:01 4718956                    /usr/lib/x86_64-linux-gnu/libgobject-2.0.so.0.4002.0
7fea1dd7b000-7fea1dd7c000 r--p 0004f000 08:01 4718956                    /usr/lib/x86_64-linux-gnu/libgobject-2.0.so.0.4002.0
7fea1dd7c000-7fea1dd7d000 rw-p 00050000 08:01 4718956                    /usr/lib/x86_64-linux-gnu/libgobject-2.0.so.0.4002.0
7fea1dd7d000-7fea1dee9000 r-xp 00000000 08:01 4718977                    /usr/lib/x86_64-linux-gnu/libgio-2.0.so.0.4002.0
7fea1dee9000-7fea1e0e8000 ---p 0016c000 08:01 4718977                    /usr/lib/x86_64-linux-gnu/libgio-2.0.so.0.4002.0
7fea1e0e8000-7fea1e0ec000 r--p 0016b000 08:01 4718977                    /usr/lib/x86_64-linux-gnu/libgio-2.0.so.0.4002.0
7fea1e0ec000-7fea1e0ee000 rw-p 0016f000 08:01 4718977                    /usr/lib/x86_64-linux-gnu/libgio-2.0.so.0.4002.0
7fea1e0ee000-7fea1e0f0000 rw-p 00000000 00:00 0 
7fea1e0f0000-7fea1e107000 r-xp 00000000 08:01 402100                     /usr/lib/jvm/java-7-openjdk-amd64/jre/lib/amd64/libnet.so
7fea1e107000-7fea1e306000 ---p 00017000 08:01 402100                     /usr/lib/jvm/java-7-openjdk-amd64/jre/lib/amd64/libnet.so
7fea1e306000-7fea1e307000 r--p 00016000 08:01 402100                     /usr/lib/jvm/java-7-openjdk-amd64/jre/lib/amd64/libnet.so
7fea1e307000-7fea1e308000 rw-p 00017000 08:01 402100                     /usr/lib/jvm/java-7-openjdk-amd64/jre/lib/amd64/libnet.so
7fea1e308000-7fea1e309000 ---p 00000000 00:00 0 
7fea1e309000-7fea1e409000 rw-p 00000000 00:00 0                          [stack:4552]
7fea1e409000-7fea1e40c000 ---p 00000000 00:00 0 
7fea1e40c000-7fea1e50a000 rw-p 00000000 00:00 0                          [stack:4551]
7fea1e50a000-7fea1e50d000 ---p 00000000 00:00 0 
7fea1e50d000-7fea1e60b000 rw-p 00000000 00:00 0                          [stack:4550]
7fea1e60b000-7fea1e60e000 ---p 00000000 00:00 0 
7fea1e60e000-7fea1e70c000 rw-p 00000000 00:00 0                          [stack:4549]
7fea1e70c000-7fea1e70f000 ---p 00000000 00:00 0 
7fea1e70f000-7fea1e80d000 rw-p 00000000 00:00 0                          [stack:4548]
7fea1e80d000-7fea1eeef000 r--p 00000000 08:01 4725724                    /usr/lib/locale/locale-archive
7fea1eeef000-7fea1eef2000 ---p 00000000 00:00 0 
7fea1eef2000-7fea1eff0000 rw-p 00000000 00:00 0                          [stack:4547]
7fea1eff0000-7fea1eff3000 ---p 00000000 00:00 0 
7fea1eff3000-7fea1f0f1000 rw-p 00000000 00:00 0                          [stack:4546]
7fea1f0f1000-7fea1f0f2000 ---p 00000000 00:00 0 
7fea1f0f2000-7fea20000000 rw-p 00000000 00:00 0                          [stack:4545]
7fea20000000-7fea2013c000 rw-p 00000000 00:00 0 
7fea2013c000-7fea24000000 ---p 00000000 00:00 0 
7fea24000000-7fea24002000 r--s 0000f000 08:01 5647016                    /home/vitchyr/.sbt/boot/scala-2.10.4/org.scala-sbt/sbt/0.13.7/json4s-native_2.10-3.2.10.jar
7fea24002000-7fea24007000 r--s 00023000 08:01 5646972                    /home/vitchyr/.sbt/boot/scala-2.10.4/org.scala-sbt/sbt/0.13.7/persist-0.13.7.jar
7fea24007000-7fea2403d000 r--s 002d9000 08:01 5647045                    /home/vitchyr/.sbt/boot/scala-2.10.4/lib/scala-reflect.jar
7fea2403d000-7fea2413e000 rw-p 00000000 00:00 0 
7fea2413e000-7fea242ef000 r--s 01d25000 08:01 267571                     /usr/lib/jvm/java-7-openjdk-amd64/jre/lib/rt.jar
7fea242ef000-7fea26dea000 rw-p 00000000 00:00 0 
7fea26dea000-7fea26deb000 ---p 00000000 00:00 0 
7fea26deb000-7fea26eeb000 rw-p 00000000 00:00 0                          [stack:4544]
7fea26eeb000-7fea26eec000 ---p 00000000 00:00 0 
7fea26eec000-7fea26fec000 rw-p 00000000 00:00 0                          [stack:4543]
7fea26fec000-7fea26fed000 ---p 00000000 00:00 0 
7fea26fed000-7fea270ed000 rw-p 00000000 00:00 0                          [stack:4542]
7fea270ed000-7fea270ee000 ---p 00000000 00:00 0 
7fea270ee000-7fea273c4000 rw-p 00000000 00:00 0                          [stack:4541]
7fea273c4000-7fea27615000 rw-p 00000000 00:00 0 
7fea27615000-7fea277c5000 rw-p 00000000 00:00 0 
7fea277c5000-7fea28bc5000 rwxp 00000000 00:00 0 
7fea28bc5000-7fea2f7c5000 rw-p 00000000 00:00 0 
7fea2f7c5000-7fea2f7cd000 r-xp 00000000 08:01 402094                     /usr/lib/jvm/java-7-openjdk-amd64/jre/lib/amd64/libzip.so
7fea2f7cd000-7fea2f9cc000 ---p 00008000 08:01 402094                     /usr/lib/jvm/java-7-openjdk-amd64/jre/lib/amd64/libzip.so
7fea2f9cc000-7fea2f9cd000 r--p 00007000 08:01 402094                     /usr/lib/jvm/java-7-openjdk-amd64/jre/lib/amd64/libzip.so
7fea2f9cd000-7fea2f9ce000 rw-p 00008000 08:01 402094                     /usr/lib/jvm/java-7-openjdk-amd64/jre/lib/amd64/libzip.so
7fea2f9ce000-7fea2f9d9000 r-xp 00000000 08:01 5644781                    /lib/x86_64-linux-gnu/libnss_files-2.19.so
7fea2f9d9000-7fea2fbd8000 ---p 0000b000 08:01 5644781                    /lib/x86_64-linux-gnu/libnss_files-2.19.so
7fea2fbd8000-7fea2fbd9000 r--p 0000a000 08:01 5644781                    /lib/x86_64-linux-gnu/libnss_files-2.19.so
7fea2fbd9000-7fea2fbda000 rw-p 0000b000 08:01 5644781                    /lib/x86_64-linux-gnu/libnss_files-2.19.so
7fea2fbda000-7fea2fbe5000 r-xp 00000000 08:01 5644788                    /lib/x86_64-linux-gnu/libnss_nis-2.19.so
7fea2fbe5000-7fea2fde4000 ---p 0000b000 08:01 5644788                    /lib/x86_64-linux-gnu/libnss_nis-2.19.so
7fea2fde4000-7fea2fde5000 r--p 0000a000 08:01 5644788                    /lib/x86_64-linux-gnu/libnss_nis-2.19.so
7fea2fde5000-7fea2fde6000 rw-p 0000b000 08:01 5644788                    /lib/x86_64-linux-gnu/libnss_nis-2.19.so
7fea2fde6000-7fea2fdfd000 r-xp 00000000 08:01 5644671                    /lib/x86_64-linux-gnu/libnsl-2.19.so
7fea2fdfd000-7fea2fffc000 ---p 00017000 08:01 5644671                    /lib/x86_64-linux-gnu/libnsl-2.19.so
7fea2fffc000-7fea2fffd000 r--p 00016000 08:01 5644671                    /lib/x86_64-linux-gnu/libnsl-2.19.so
7fea2fffd000-7fea2fffe000 rw-p 00017000 08:01 5644671                    /lib/x86_64-linux-gnu/libnsl-2.19.so
7fea2fffe000-7fea30000000 rw-p 00000000 00:00 0 
7fea30000000-7fea31142000 rw-p 00000000 00:00 0 
7fea31142000-7fea34000000 ---p 00000000 00:00 0 
7fea34000000-7fea34001000 r--s 00005000 08:01 5647021                    /home/vitchyr/.sbt/boot/scala-2.10.4/org.scala-sbt/sbt/0.13.7/sbt-0.13.7.jar
7fea34001000-7fea34002000 r--s 00005000 08:01 5647005                    /home/vitchyr/.sbt/boot/scala-2.10.4/org.scala-sbt/sbt/0.13.7/test-agent-0.13.7.jar
7fea34002000-7fea34005000 r--s 0001a000 08:01 5647013                    /home/vitchyr/.sbt/boot/scala-2.10.4/org.scala-sbt/sbt/0.13.7/cache-0.13.7.jar
7fea34005000-7fea34007000 r--s 00002000 08:01 5647006                    /home/vitchyr/.sbt/boot/scala-2.10.4/org.scala-sbt/sbt/0.13.7/test-interface-1.0.jar
7fea34007000-7fea3401a000 r--s 000fc000 08:01 5646994                    /home/vitchyr/.sbt/boot/scala-2.10.4/org.scala-sbt/sbt/0.13.7/ivy-0.13.7.jar
7fea3401a000-7fea3401d000 r--s 00030000 08:01 5647007                    /home/vitchyr/.sbt/boot/scala-2.10.4/org.scala-sbt/sbt/0.13.7/jline-2.11.jar
7fea3401d000-7fea3401f000 r--s 00002000 08:01 5647012                    /home/vitchyr/.sbt/boot/scala-2.10.4/org.scala-sbt/sbt/0.13.7/control-0.13.7.jar
7fea3401f000-7fea34022000 r--s 00019000 08:01 5646988                    /home/vitchyr/.sbt/boot/scala-2.10.4/org.scala-sbt/sbt/0.13.7/compile-0.13.7.jar
7fea34022000-7fea34025000 r--s 00012000 08:01 5647023                    /home/vitchyr/.sbt/boot/scala-2.10.4/org.scala-sbt/sbt/0.13.7/classfile-0.13.7.jar
7fea34025000-7fea340c9000 rw-p 00000000 00:00 0 
7fea340c9000-7fea340d2000 r-xp 00000000 08:01 5644785                    /lib/x86_64-linux-gnu/libnss_compat-2.19.so
7fea340d2000-7fea342d1000 ---p 00009000 08:01 5644785                    /lib/x86_64-linux-gnu/libnss_compat-2.19.so
7fea342d1000-7fea342d2000 r--p 00008000 08:01 5644785                    /lib/x86_64-linux-gnu/libnss_compat-2.19.so
7fea342d2000-7fea342d3000 rw-p 00009000 08:01 5644785                    /lib/x86_64-linux-gnu/libnss_compat-2.19.so
7fea342d3000-7fea342fe000 r-xp 00000000 08:01 402099                     /usr/lib/jvm/java-7-openjdk-amd64/jre/lib/amd64/libjava.so
7fea342fe000-7fea344fd000 ---p 0002b000 08:01 402099                     /usr/lib/jvm/java-7-openjdk-amd64/jre/lib/amd64/libjava.so
7fea344fd000-7fea344fe000 r--p 0002a000 08:01 402099                     /usr/lib/jvm/java-7-openjdk-amd64/jre/lib/amd64/libjava.so
7fea344fe000-7fea34500000 rw-p 0002b000 08:01 402099                     /usr/lib/jvm/java-7-openjdk-amd64/jre/lib/amd64/libjava.so
7fea34500000-7fea34510000 r-xp 00000000 08:01 402114                     /usr/lib/jvm/java-7-openjdk-amd64/jre/lib/amd64/libverify.so
7fea34510000-7fea3470f000 ---p 00010000 08:01 402114                     /usr/lib/jvm/java-7-openjdk-amd64/jre/lib/amd64/libverify.so
7fea3470f000-7fea34711000 r--p 0000f000 08:01 402114                     /usr/lib/jvm/java-7-openjdk-amd64/jre/lib/amd64/libverify.so
7fea34711000-7fea34712000 rw-p 00011000 08:01 402114                     /usr/lib/jvm/java-7-openjdk-amd64/jre/lib/amd64/libverify.so
7fea34712000-7fea34719000 r-xp 00000000 08:01 5644791                    /lib/x86_64-linux-gnu/librt-2.19.so
7fea34719000-7fea34918000 ---p 00007000 08:01 5644791                    /lib/x86_64-linux-gnu/librt-2.19.so
7fea34918000-7fea34919000 r--p 00006000 08:01 5644791                    /lib/x86_64-linux-gnu/librt-2.19.so
7fea34919000-7fea3491a000 rw-p 00007000 08:01 5644791                    /lib/x86_64-linux-gnu/librt-2.19.so
7fea3491a000-7fea34930000 r-xp 00000000 08:01 5640087                    /lib/x86_64-linux-gnu/libgcc_s.so.1
7fea34930000-7fea34b2f000 ---p 00016000 08:01 5640087                    /lib/x86_64-linux-gnu/libgcc_s.so.1
7fea34b2f000-7fea34b30000 rw-p 00015000 08:01 5640087                    /lib/x86_64-linux-gnu/libgcc_s.so.1
7fea34b30000-7fea34c35000 r-xp 00000000 08:01 5644659                    /lib/x86_64-linux-gnu/libm-2.19.so
7fea34c35000-7fea34e34000 ---p 00105000 08:01 5644659                    /lib/x86_64-linux-gnu/libm-2.19.so
7fea34e34000-7fea34e35000 r--p 00104000 08:01 5644659                    /lib/x86_64-linux-gnu/libm-2.19.so
7fea34e35000-7fea34e36000 rw-p 00105000 08:01 5644659                    /lib/x86_64-linux-gnu/libm-2.19.so
7fea34e36000-7fea34f1c000 r-xp 00000000 08:01 4727679                    /usr/lib/x86_64-linux-gnu/libstdc++.so.6.0.19
7fea34f1c000-7fea3511b000 ---p 000e6000 08:01 4727679                    /usr/lib/x86_64-linux-gnu/libstdc++.so.6.0.19
7fea3511b000-7fea35123000 r--p 000e5000 08:01 4727679                    /usr/lib/x86_64-linux-gnu/libstdc++.so.6.0.19
7fea35123000-7fea35125000 rw-p 000ed000 08:01 4727679                    /usr/lib/x86_64-linux-gnu/libstdc++.so.6.0.19
7fea35125000-7fea3513a000 rw-p 00000000 00:00 0 
7fea3513a000-7fea35c50000 r-xp 00000000 08:01 658534                     /usr/lib/jvm/java-7-openjdk-amd64/jre/lib/amd64/server/libjvm.so
7fea35c50000-7fea35e4f000 ---p 00b16000 08:01 658534                     /usr/lib/jvm/java-7-openjdk-amd64/jre/lib/amd64/server/libjvm.so
7fea35e4f000-7fea35ee9000 r--p 00b15000 08:01 658534                     /usr/lib/jvm/java-7-openjdk-amd64/jre/lib/amd64/server/libjvm.so
7fea35ee9000-7fea35f0c000 rw-p 00baf000 08:01 658534                     /usr/lib/jvm/java-7-openjdk-amd64/jre/lib/amd64/server/libjvm.so
7fea35f0c000-7fea35f3a000 rw-p 00000000 00:00 0 
7fea35f3a000-7fea35f52000 r-xp 00000000 08:01 5640273                    /lib/x86_64-linux-gnu/libz.so.1.2.8
7fea35f52000-7fea36151000 ---p 00018000 08:01 5640273                    /lib/x86_64-linux-gnu/libz.so.1.2.8
7fea36151000-7fea36152000 r--p 00017000 08:01 5640273                    /lib/x86_64-linux-gnu/libz.so.1.2.8
7fea36152000-7fea36153000 rw-p 00018000 08:01 5640273                    /lib/x86_64-linux-gnu/libz.so.1.2.8
7fea36153000-7fea3616c000 r-xp 00000000 08:01 5644778                    /lib/x86_64-linux-gnu/libpthread-2.19.so
7fea3616c000-7fea3636b000 ---p 00019000 08:01 5644778                    /lib/x86_64-linux-gnu/libpthread-2.19.so
7fea3636b000-7fea3636c000 r--p 00018000 08:01 5644778                    /lib/x86_64-linux-gnu/libpthread-2.19.so
7fea3636c000-7fea3636d000 rw-p 00019000 08:01 5644778                    /lib/x86_64-linux-gnu/libpthread-2.19.so
7fea3636d000-7fea36371000 rw-p 00000000 00:00 0 
7fea36371000-7fea36374000 r-xp 00000000 08:01 5644783                    /lib/x86_64-linux-gnu/libdl-2.19.so
7fea36374000-7fea36573000 ---p 00003000 08:01 5644783                    /lib/x86_64-linux-gnu/libdl-2.19.so
7fea36573000-7fea36574000 r--p 00002000 08:01 5644783                    /lib/x86_64-linux-gnu/libdl-2.19.so
7fea36574000-7fea36575000 rw-p 00003000 08:01 5644783                    /lib/x86_64-linux-gnu/libdl-2.19.so
7fea36575000-7fea36730000 r-xp 00000000 08:01 5644789                    /lib/x86_64-linux-gnu/libc-2.19.so
7fea36730000-7fea36930000 ---p 001bb000 08:01 5644789                    /lib/x86_64-linux-gnu/libc-2.19.so
7fea36930000-7fea36934000 r--p 001bb000 08:01 5644789                    /lib/x86_64-linux-gnu/libc-2.19.so
7fea36934000-7fea36936000 rw-p 001bf000 08:01 5644789                    /lib/x86_64-linux-gnu/libc-2.19.so
7fea36936000-7fea3693b000 rw-p 00000000 00:00 0 
7fea3693b000-7fea36948000 r-xp 00000000 08:01 527280                     /usr/lib/jvm/java-7-openjdk-amd64/jre/lib/amd64/jli/libjli.so
7fea36948000-7fea36b47000 ---p 0000d000 08:01 527280                     /usr/lib/jvm/java-7-openjdk-amd64/jre/lib/amd64/jli/libjli.so
7fea36b47000-7fea36b48000 r--p 0000c000 08:01 527280                     /usr/lib/jvm/java-7-openjdk-amd64/jre/lib/amd64/jli/libjli.so
7fea36b48000-7fea36b49000 rw-p 0000d000 08:01 527280                     /usr/lib/jvm/java-7-openjdk-amd64/jre/lib/amd64/jli/libjli.so
7fea36b49000-7fea36b6c000 r-xp 00000000 08:01 5644786                    /lib/x86_64-linux-gnu/ld-2.19.so
7fea36b6c000-7fea36b6e000 r--s 00012000 08:01 5647002                    /home/vitchyr/.sbt/boot/scala-2.10.4/org.scala-sbt/sbt/0.13.7/jawn-parser_2.10-0.6.0.jar
7fea36b6e000-7fea36b73000 r--s 00036000 08:01 5646980                    /home/vitchyr/.sbt/boot/scala-2.10.4/org.scala-sbt/sbt/0.13.7/command-0.13.7.jar
7fea36b73000-7fea36b7b000 r--s 00069000 08:01 5646991                    /home/vitchyr/.sbt/boot/scala-2.10.4/org.scala-sbt/sbt/0.13.7/actions-0.13.7.jar
7fea36b7b000-7fea36b7d000 r--s 0000e000 08:01 5647004                    /home/vitchyr/.sbt/boot/scala-2.10.4/org.scala-sbt/sbt/0.13.7/logic-0.13.7.jar
7fea36b7d000-7fea36b7e000 r--s 00001000 08:01 5646999                    /home/vitchyr/.sbt/boot/scala-2.10.4/org.scala-sbt/sbt/0.13.7/cross-0.13.7.jar
7fea36b7e000-7fea36b80000 r--s 00001000 08:01 5647008                    /home/vitchyr/.sbt/boot/scala-2.10.4/org.scala-sbt/sbt/0.13.7/compiler-ivy-integration-0.13.7.jar
7fea36b80000-7fea36b87000 r--s 00049000 08:01 5647014                    /home/vitchyr/.sbt/boot/scala-2.10.4/org.scala-sbt/sbt/0.13.7/api-0.13.7.jar
7fea36b87000-7fea36b89000 r--s 00013000 08:01 5646998                    /home/vitchyr/.sbt/boot/scala-2.10.4/org.scala-sbt/sbt/0.13.7/json4s-ast_2.10-3.2.10.jar
7fea36b89000-7fea36b8c000 r--s 00018000 08:01 5647044                    /home/vitchyr/.sbt/boot/scala-2.10.4/lib/jansi.jar
7fea36b8c000-7fea36b90000 r--s 00025000 08:01 5647046                    /home/vitchyr/.sbt/boot/scala-2.10.4/lib/jline.jar
7fea36b90000-7fea36bab000 r--s 0010d000 08:01 4728256                    /usr/share/sbt-launcher-packaging/bin/sbt-launch.jar
7fea36bab000-7fea36bae000 r--s 0000f000 08:01 658554                     /usr/lib/jvm/java-7-openjdk-amd64/jre/lib/ext/icedtea-sound.jar
7fea36bae000-7fea36bb0000 r--s 00006000 08:01 5119726                    /usr/share/java/java-atk-wrapper.jar
7fea36bb0000-7fea36bb4000 r--s 00034000 08:01 658558                     /usr/lib/jvm/java-7-openjdk-amd64/jre/lib/ext/sunjce_provider.jar
7fea36bb4000-7fea36c4e000 rw-p 00000000 00:00 0 
7fea36c4e000-7fea36c51000 ---p 00000000 00:00 0 
7fea36c51000-7fea36d54000 rw-p 00000000 00:00 0                          [stack:4540]
7fea36d54000-7fea36d55000 r--s 00002000 08:01 658559                     /usr/lib/jvm/java-7-openjdk-amd64/jre/lib/ext/dnsns.jar
7fea36d55000-7fea36d57000 r--s 00012000 08:01 658555                     /usr/lib/jvm/java-7-openjdk-amd64/jre/lib/ext/zipfs.jar
7fea36d57000-7fea36d5b000 r--s 0003c000 08:01 658556                     /usr/lib/jvm/java-7-openjdk-amd64/jre/lib/ext/sunpkcs11.jar
7fea36d5b000-7fea36d5f000 r--s 00085000 08:01 658557                     /usr/lib/jvm/java-7-openjdk-amd64/jre/lib/ext/localedata.jar
7fea36d5f000-7fea36d67000 rw-s 00000000 08:01 1441804                    /tmp/hsperfdata_vitchyr/4539
7fea36d67000-7fea36d68000 rw-p 00000000 00:00 0 
7fea36d68000-7fea36d69000 r--p 00000000 00:00 0 
7fea36d69000-7fea36d6b000 rw-p 00000000 00:00 0 
7fea36d6b000-7fea36d6c000 r--p 00022000 08:01 5644786                    /lib/x86_64-linux-gnu/ld-2.19.so
7fea36d6c000-7fea36d6d000 rw-p 00023000 08:01 5644786                    /lib/x86_64-linux-gnu/ld-2.19.so
7fea36d6d000-7fea36d6e000 rw-p 00000000 00:00 0 
7fff62e58000-7fff62e79000 rw-p 00000000 00:00 0                          [stack]
7fff62f80000-7fff62f82000 r-xp 00000000 00:00 0                          [vdso]
ffffffffff600000-ffffffffff601000 r-xp 00000000 00:00 0                  [vsyscall]

VM Arguments:
jvm_args: -Xms1024m -Xmx1024m -XX:ReservedCodeCacheSize=128m -XX:MaxPermSize=256m 
java_command: /usr/share/sbt-launcher-packaging/bin/sbt-launch.jar
Launcher Type: SUN_STANDARD

Environment Variables:
PATH=/usr/local/sbin:/usr/local/bin:/usr/sbin:/usr/bin:/sbin:/bin:/usr/games:/usr/local/games
SHELL=/bin/bash
DISPLAY=:0.0

Signal Handlers:
SIGSEGV: [libjvm.so+0x9495e0], sa_mask[0]=0x7ffbfeff, sa_flags=0x10000004
SIGBUS: [libjvm.so+0x9495e0], sa_mask[0]=0x7ffbfeff, sa_flags=0x10000004
SIGFPE: [libjvm.so+0x7c3410], sa_mask[0]=0x7ffbfeff, sa_flags=0x10000004
SIGPIPE: SIG_IGN, sa_mask[0]=0x00000000, sa_flags=0x00000000
SIGXFSZ: [libjvm.so+0x7c3410], sa_mask[0]=0x7ffbfeff, sa_flags=0x10000004
SIGILL: [libjvm.so+0x7c3410], sa_mask[0]=0x7ffbfeff, sa_flags=0x10000004
SIGUSR1: SIG_DFL, sa_mask[0]=0x00000000, sa_flags=0x00000000
SIGUSR2: [libjvm.so+0x7c32b0], sa_mask[0]=0x00000000, sa_flags=0x10000004
SIGHUP: [libjvm.so+0x7c3490], sa_mask[0]=0x7ffbfeff, sa_flags=0x10000004
SIGINT: [libjvm.so+0x7c3490], sa_mask[0]=0x7ffbfeff, sa_flags=0x10000004
SIGTERM: [libjvm.so+0x7c3490], sa_mask[0]=0x7ffbfeff, sa_flags=0x10000004
SIGQUIT: [libjvm.so+0x7c3490], sa_mask[0]=0x7ffbfeff, sa_flags=0x10000004
SIGTRAP: SIG_DFL, sa_mask[0]=0x00000000, sa_flags=0x00000000


---------------  S Y S T E M  ---------------

OS:Ubuntu 14.04 (trusty)
uname:Linux 3.13.0-43-generic #72-Ubuntu SMP Mon Dec 8 19:35:06 UTC 2014 x86_64
libc:glibc 2.19 NPTL 2.19 
rlimit: STACK 8192k, CORE 0k, NPROC 31456, NOFILE 4096, AS infinity
load average:0.70 0.52 0.68

/proc/meminfo:
MemTotal:        4048012 kB
MemFree:         1248980 kB
Buffers:          179140 kB
Cached:           642248 kB
SwapCached:            0 kB
Active:          2266504 kB
Inactive:         387992 kB
Active(anon):    1833756 kB
Inactive(anon):     3952 kB
Active(file):     432748 kB
Inactive(file):   384040 kB
Unevictable:           0 kB
Mlocked:               0 kB
SwapTotal:       6288380 kB
SwapFree:        6288380 kB
Dirty:               780 kB
Writeback:             0 kB
AnonPages:       1833092 kB
Mapped:           124120 kB
Shmem:              4600 kB
Slab:              81028 kB
SReclaimable:      58848 kB
SUnreclaim:        22180 kB
KernelStack:        3224 kB
PageTables:        17300 kB
NFS_Unstable:          0 kB
Bounce:                0 kB
WritebackTmp:          0 kB
CommitLimit:     8312384 kB
Committed_AS:    3219264 kB
VmallocTotal:   34359738367 kB
VmallocUsed:       56564 kB
VmallocChunk:   34359678919 kB
HardwareCorrupted:     0 kB
AnonHugePages:   1587200 kB
HugePages_Total:       0
HugePages_Free:        0
HugePages_Rsvd:        0
HugePages_Surp:        0
Hugepagesize:       2048 kB
DirectMap4k:       51136 kB
DirectMap2M:     4143104 kB


CPU:total 4 (4 cores per cpu, 1 threads per core) family 6 model 60 stepping 3, cmov, cx8, fxsr, mmx, sse, sse2, sse3, ssse3, tsc

/proc/cpuinfo:
processor	: 0
vendor_id	: GenuineIntel
cpu family	: 6
model		: 60
model name	: Intel(R) Core(TM) i7-4702MQ CPU @ 2.20GHz
stepping	: 3
microcode	: 0x19
cpu MHz		: 2027.702
cache size	: 6144 KB
physical id	: 0
siblings	: 4
core id		: 0
cpu cores	: 4
apicid		: 0
initial apicid	: 0
fpu		: yes
fpu_exception	: yes
cpuid level	: 5
wp		: yes
flags		: fpu vme de pse tsc msr pae mce cx8 apic sep mtrr pge mca cmov pat pse36 clflush mmx fxsr sse sse2 ht syscall nx rdtscp lm constant_tsc rep_good nopl pni ssse3 lahf_lm
bogomips	: 4055.40
clflush size	: 64
cache_alignment	: 64
address sizes	: 39 bits physical, 48 bits virtual
power management:

processor	: 1
vendor_id	: GenuineIntel
cpu family	: 6
model		: 60
model name	: Intel(R) Core(TM) i7-4702MQ CPU @ 2.20GHz
stepping	: 3
microcode	: 0x19
cpu MHz		: 2027.702
cache size	: 6144 KB
physical id	: 0
siblings	: 4
core id		: 1
cpu cores	: 4
apicid		: 1
initial apicid	: 1
fpu		: yes
fpu_exception	: yes
cpuid level	: 5
wp		: yes
flags		: fpu vme de pse tsc msr pae mce cx8 apic sep mtrr pge mca cmov pat pse36 clflush mmx fxsr sse sse2 ht syscall nx rdtscp lm constant_tsc rep_good nopl pni ssse3 lahf_lm
bogomips	: 4055.40
clflush size	: 64
cache_alignment	: 64
address sizes	: 39 bits physical, 48 bits virtual
power management:

processor	: 2
vendor_id	: GenuineIntel
cpu family	: 6
model		: 60
model name	: Intel(R) Core(TM) i7-4702MQ CPU @ 2.20GHz
stepping	: 3
microcode	: 0x19
cpu MHz		: 2027.702
cache size	: 6144 KB
physical id	: 0
siblings	: 4
core id		: 2
cpu cores	: 4
apicid		: 2
initial apicid	: 2
fpu		: yes
fpu_exception	: yes
cpuid level	: 5
wp		: yes
flags		: fpu vme de pse tsc msr pae mce cx8 apic sep mtrr pge mca cmov pat pse36 clflush mmx fxsr sse sse2 ht syscall nx rdtscp lm constant_tsc rep_good nopl pni ssse3 lahf_lm
bogomips	: 4055.40
clflush size	: 64
cache_alignment	: 64
address sizes	: 39 bits physical, 48 bits virtual
power management:

processor	: 3
vendor_id	: GenuineIntel
cpu family	: 6
model		: 60
model name	: Intel(R) Core(TM) i7-4702MQ CPU @ 2.20GHz
stepping	: 3
microcode	: 0x19
cpu MHz		: 2027.702
cache size	: 6144 KB
physical id	: 0
siblings	: 4
core id		: 3
cpu cores	: 4
apicid		: 3
initial apicid	: 3
fpu		: yes
fpu_exception	: yes
cpuid level	: 5
wp		: yes
flags		: fpu vme de pse tsc msr pae mce cx8 apic sep mtrr pge mca cmov pat pse36 clflush mmx fxsr sse sse2 ht syscall nx rdtscp lm constant_tsc rep_good nopl pni ssse3 lahf_lm
bogomips	: 4055.40
clflush size	: 64
cache_alignment	: 64
address sizes	: 39 bits physical, 48 bits virtual
power management:



Memory: 4k page, physical 4048012k(1248980k free), swap 6288380k(6288380k free)

vm_info: OpenJDK 64-Bit Server VM (24.65-b04) for linux-amd64 JRE (1.7.0_65-b32), built on Oct 22 2014 04:37:44 by "buildd" with gcc 4.8.2

time: Sat Jan 10 14:27:43 2015
elapsed time: 101555 seconds

